{"/app/frontend/src/UserPool.ts": {"path":"/app/frontend/src/UserPool.ts","statementMap":{"0":{"start":{"line":3,"column":17},"end":{"line":6,"column":null}},"1":{"start":{"line":8,"column":24},"end":{"line":8,"column":53}}},"fnMap":{},"branchMap":{},"s":{"0":2,"1":2},"f":{},"b":{},"meta":{"lastBranch":0,"lastFunction":0,"lastStatement":2,"seen":{"s:3:17:6:Infinity":0,"s:8:24:8:53":1}}}
,"/app/frontend/src/components/BasketballCourt.tsx": {"path":"/app/frontend/src/components/BasketballCourt.tsx","statementMap":{"0":{"start":{"line":4,"column":6},"end":{"line":127,"column":null}},"1":{"start":{"line":7,"column":8},"end":{"line":12,"column":null}},"2":{"start":{"line":8,"column":16},"end":{"line":8,"column":null}},"3":{"start":{"line":9,"column":17},"end":{"line":9,"column":44}},"4":{"start":{"line":10,"column":10},"end":{"line":10,"column":null}},"5":{"start":{"line":11,"column":10},"end":{"line":11,"column":null}},"6":{"start":{"line":12,"column":4},"end":{"line":12,"column":null}},"7":{"start":{"line":15,"column":19},"end":{"line":15,"column":null}},"8":{"start":{"line":16,"column":22},"end":{"line":16,"column":null}},"9":{"start":{"line":18,"column":2},"end":{"line":127,"column":null}}},"fnMap":{"0":{"name":"(anonymous_0)","decl":{"start":{"line":4,"column":6},"end":{"line":4,"column":null}},"loc":{"start":{"line":6,"column":27},"end":{"line":127,"column":null}},"line":6},"1":{"name":"(anonymous_1)","decl":{"start":{"line":7,"column":8},"end":{"line":7,"column":23}},"loc":{"start":{"line":7,"column":62},"end":{"line":12,"column":null}},"line":7}},"branchMap":{},"s":{"0":2,"1":3,"2":1,"3":1,"4":1,"5":1,"6":1,"7":3,"8":3,"9":3},"f":{"0":3,"1":1},"b":{},"meta":{"lastBranch":0,"lastFunction":2,"lastStatement":10,"seen":{"s:4:6:127:Infinity":0,"f:4:6:4:Infinity":0,"s:7:8:12:Infinity":1,"f:7:8:7:23":1,"s:8:16:8:Infinity":2,"s:9:17:9:44":3,"s:10:10:10:Infinity":4,"s:11:10:11:Infinity":5,"s:12:4:12:Infinity":6,"s:15:19:15:Infinity":7,"s:16:22:16:Infinity":8,"s:18:2:127:Infinity":9}}}
,"/app/frontend/src/context/AuthContext.tsx": {"path":"/app/frontend/src/context/AuthContext.tsx","statementMap":{"0":{"start":{"line":12,"column":6},"end":{"line":12,"column":73}},"1":{"start":{"line":14,"column":13},"end":{"line":55,"column":null}},"2":{"start":{"line":17,"column":26},"end":{"line":17,"column":63}},"3":{"start":{"line":18,"column":18},"end":{"line":18,"column":46}},"4":{"start":{"line":20,"column":2},"end":{"line":39,"column":null}},"5":{"start":{"line":21,"column":17},"end":{"line":21,"column":42}},"6":{"start":{"line":22,"column":4},"end":{"line":37,"column":null}},"7":{"start":{"line":23,"column":6},"end":{"line":33,"column":null}},"8":{"start":{"line":25,"column":10},"end":{"line":29,"column":null}},"9":{"start":{"line":26,"column":12},"end":{"line":26,"column":null}},"10":{"start":{"line":27,"column":12},"end":{"line":27,"column":null}},"11":{"start":{"line":29,"column":12},"end":{"line":29,"column":null}},"12":{"start":{"line":31,"column":10},"end":{"line":31,"column":null}},"13":{"start":{"line":35,"column":6},"end":{"line":35,"column":null}},"14":{"start":{"line":36,"column":6},"end":{"line":36,"column":null}},"15":{"start":{"line":37,"column":6},"end":{"line":37,"column":null}},"16":{"start":{"line":41,"column":8},"end":{"line":47,"column":null}},"17":{"start":{"line":42,"column":17},"end":{"line":42,"column":42}},"18":{"start":{"line":43,"column":4},"end":{"line":44,"column":null}},"19":{"start":{"line":44,"column":6},"end":{"line":44,"column":null}},"20":{"start":{"line":46,"column":4},"end":{"line":46,"column":null}},"21":{"start":{"line":47,"column":4},"end":{"line":47,"column":null}},"22":{"start":{"line":50,"column":2},"end":{"line":55,"column":null}},"23":{"start":{"line":59,"column":13},"end":{"line":64,"column":null}},"24":{"start":{"line":60,"column":8},"end":{"line":60,"column":41}},"25":{"start":{"line":61,"column":2},"end":{"line":62,"column":null}},"26":{"start":{"line":62,"column":4},"end":{"line":62,"column":null}},"27":{"start":{"line":64,"column":2},"end":{"line":64,"column":null}}},"fnMap":{"0":{"name":"(anonymous_0)","decl":{"start":{"line":14,"column":13},"end":{"line":14,"column":70}},"loc":{"start":{"line":16,"column":6},"end":{"line":55,"column":null}},"line":16},"1":{"name":"(anonymous_1)","decl":{"start":{"line":20,"column":2},"end":{"line":20,"column":18}},"loc":{"start":{"line":20,"column":18},"end":{"line":39,"column":7}},"line":20},"2":{"name":"(anonymous_2)","decl":{"start":{"line":23,"column":11},"end":{"line":23,"column":null}},"loc":{"start":{"line":24,"column":67},"end":{"line":33,"column":null}},"line":24},"3":{"name":"(anonymous_3)","decl":{"start":{"line":41,"column":8},"end":{"line":41,"column":23}},"loc":{"start":{"line":41,"column":23},"end":{"line":47,"column":null}},"line":41},"4":{"name":"(anonymous_4)","decl":{"start":{"line":59,"column":13},"end":{"line":59,"column":29}},"loc":{"start":{"line":59,"column":29},"end":{"line":64,"column":null}},"line":59}},"branchMap":{"0":{"loc":{"start":{"line":22,"column":4},"end":{"line":37,"column":null}},"type":"if","locations":[{"start":{"line":22,"column":4},"end":{"line":37,"column":null}},{"start":{"line":34,"column":11},"end":{"line":37,"column":null}}],"line":22},"1":{"loc":{"start":{"line":25,"column":10},"end":{"line":29,"column":null}},"type":"if","locations":[{"start":{"line":25,"column":10},"end":{"line":29,"column":null}},{"start":{"line":28,"column":17},"end":{"line":29,"column":null}}],"line":25},"2":{"loc":{"start":{"line":25,"column":14},"end":{"line":25,"column":51}},"type":"binary-expr","locations":[{"start":{"line":25,"column":14},"end":{"line":25,"column":21}},{"start":{"line":25,"column":21},"end":{"line":25,"column":33}},{"start":{"line":25,"column":33},"end":{"line":25,"column":51}}],"line":25},"3":{"loc":{"start":{"line":43,"column":4},"end":{"line":44,"column":null}},"type":"if","locations":[{"start":{"line":43,"column":4},"end":{"line":44,"column":null}},{"start":{},"end":{}}],"line":43},"4":{"loc":{"start":{"line":61,"column":2},"end":{"line":62,"column":null}},"type":"if","locations":[{"start":{"line":61,"column":2},"end":{"line":62,"column":null}},{"start":{},"end":{}}],"line":61}},"s":{"0":2,"1":2,"2":18,"3":18,"4":18,"5":8,"6":8,"7":3,"8":3,"9":1,"10":1,"11":2,"12":3,"13":5,"14":5,"15":5,"16":18,"17":1,"18":1,"19":1,"20":1,"21":1,"22":18,"23":2,"24":26,"25":26,"26":0,"27":26},"f":{"0":18,"1":8,"2":3,"3":1,"4":26},"b":{"0":[3,5],"1":[1,2],"2":[3,2,2],"3":[1,0],"4":[0,26]},"meta":{"lastBranch":5,"lastFunction":5,"lastStatement":28,"seen":{"s:12:6:12:73":0,"s:14:13:55:Infinity":1,"f:14:13:14:70":0,"s:17:26:17:63":2,"s:18:18:18:46":3,"s:20:2:39:Infinity":4,"f:20:2:20:18":1,"s:21:17:21:42":5,"b:22:4:37:Infinity:34:11:37:Infinity":0,"s:22:4:37:Infinity":6,"s:23:6:33:Infinity":7,"f:23:11:23:Infinity":2,"b:25:10:29:Infinity:28:17:29:Infinity":1,"s:25:10:29:Infinity":8,"b:25:14:25:21:25:21:25:33:25:33:25:51":2,"s:26:12:26:Infinity":9,"s:27:12:27:Infinity":10,"s:29:12:29:Infinity":11,"s:31:10:31:Infinity":12,"s:35:6:35:Infinity":13,"s:36:6:36:Infinity":14,"s:37:6:37:Infinity":15,"s:41:8:47:Infinity":16,"f:41:8:41:23":3,"s:42:17:42:42":17,"b:43:4:44:Infinity:undefined:undefined:undefined:undefined":3,"s:43:4:44:Infinity":18,"s:44:6:44:Infinity":19,"s:46:4:46:Infinity":20,"s:47:4:47:Infinity":21,"s:50:2:55:Infinity":22,"s:59:13:64:Infinity":23,"f:59:13:59:29":4,"s:60:8:60:41":24,"b:61:2:62:Infinity:undefined:undefined:undefined:undefined":4,"s:61:2:62:Infinity":25,"s:62:4:62:Infinity":26,"s:64:2:64:Infinity":27}}}
,"/app/frontend/src/pages/Dashboard.tsx": {"path":"/app/frontend/src/pages/Dashboard.tsx","statementMap":{"0":{"start":{"line":4,"column":6},"end":{"line":8,"column":null}},"1":{"start":{"line":5,"column":2},"end":{"line":8,"column":null}}},"fnMap":{"0":{"name":"(anonymous_0)","decl":{"start":{"line":4,"column":6},"end":{"line":4,"column":null}},"loc":{"start":{"line":5,"column":2},"end":{"line":8,"column":null}},"line":5}},"branchMap":{},"s":{"0":1,"1":1},"f":{"0":1},"b":{},"meta":{"lastBranch":0,"lastFunction":1,"lastStatement":2,"seen":{"s:4:6:8:Infinity":0,"f:4:6:4:Infinity":0,"s:5:2:8:Infinity":1}}}
,"/app/frontend/src/pages/GameMode.tsx": {"path":"/app/frontend/src/pages/GameMode.tsx","statementMap":{"0":{"start":{"line":35,"column":6},"end":{"line":406,"column":null}},"1":{"start":{"line":36,"column":8},"end":{"line":36,"column":26}},"2":{"start":{"line":37,"column":8},"end":{"line":37,"column":62}},"3":{"start":{"line":38,"column":8},"end":{"line":38,"column":69}},"4":{"start":{"line":40,"column":20},"end":{"line":40,"column":65}},"5":{"start":{"line":41,"column":20},"end":{"line":41,"column":65}},"6":{"start":{"line":42,"column":21},"end":{"line":42,"column":53}},"7":{"start":{"line":43,"column":27},"end":{"line":43,"column":79}},"8":{"start":{"line":44,"column":19},"end":{"line":44,"column":63}},"9":{"start":{"line":45,"column":17},"end":{"line":45,"column":49}},"10":{"start":{"line":47,"column":8},"end":{"line":56,"column":12}},"11":{"start":{"line":49,"column":6},"end":{"line":54,"column":null}},"12":{"start":{"line":50,"column":8},"end":{"line":50,"column":null}},"13":{"start":{"line":51,"column":8},"end":{"line":51,"column":null}},"14":{"start":{"line":53,"column":8},"end":{"line":53,"column":null}},"15":{"start":{"line":54,"column":8},"end":{"line":54,"column":null}},"16":{"start":{"line":58,"column":8},"end":{"line":67,"column":12}},"17":{"start":{"line":60,"column":6},"end":{"line":65,"column":null}},"18":{"start":{"line":61,"column":8},"end":{"line":61,"column":null}},"19":{"start":{"line":62,"column":8},"end":{"line":62,"column":null}},"20":{"start":{"line":64,"column":8},"end":{"line":64,"column":null}},"21":{"start":{"line":65,"column":8},"end":{"line":65,"column":null}},"22":{"start":{"line":69,"column":8},"end":{"line":77,"column":null}},"23":{"start":{"line":70,"column":4},"end":{"line":70,"column":null}},"24":{"start":{"line":71,"column":4},"end":{"line":71,"column":null}},"25":{"start":{"line":73,"column":4},"end":{"line":77,"column":null}},"26":{"start":{"line":74,"column":6},"end":{"line":74,"column":null}},"27":{"start":{"line":77,"column":6},"end":{"line":77,"column":null}},"28":{"start":{"line":81,"column":25},"end":{"line":107,"column":null}},"29":{"start":{"line":82,"column":23},"end":{"line":82,"column":null}},"30":{"start":{"line":83,"column":4},"end":{"line":83,"column":null}},"31":{"start":{"line":83,"column":42},"end":{"line":83,"column":null}},"32":{"start":{"line":86,"column":6},"end":{"line":87,"column":null}},"33":{"start":{"line":89,"column":31},"end":{"line":98,"column":null}},"34":{"start":{"line":100,"column":4},"end":{"line":104,"column":null}},"35":{"start":{"line":101,"column":6},"end":{"line":101,"column":null}},"36":{"start":{"line":102,"column":6},"end":{"line":102,"column":null}},"37":{"start":{"line":104,"column":6},"end":{"line":104,"column":null}},"38":{"start":{"line":106,"column":4},"end":{"line":106,"column":null}},"39":{"start":{"line":107,"column":4},"end":{"line":107,"column":null}},"40":{"start":{"line":113,"column":8},"end":{"line":131,"column":null}},"41":{"start":{"line":114,"column":4},"end":{"line":131,"column":null}},"42":{"start":{"line":118,"column":8},"end":{"line":118,"column":null}},"43":{"start":{"line":119,"column":8},"end":{"line":119,"column":null}},"44":{"start":{"line":119,"column":29},"end":{"line":119,"column":null}},"45":{"start":{"line":135,"column":2},"end":{"line":406,"column":null}},"46":{"start":{"line":155,"column":64},"end":{"line":155,"column":102}},"47":{"start":{"line":156,"column":34},"end":{"line":156,"column":59}},"48":{"start":{"line":196,"column":18},"end":{"line":242,"column":null}},"49":{"start":{"line":204,"column":22},"end":{"line":204,"column":67}},"50":{"start":{"line":258,"column":18},"end":{"line":281,"column":null}},"51":{"start":{"line":270,"column":46},"end":{"line":270,"column":78}},"52":{"start":{"line":292,"column":23},"end":{"line":292,"column":43}},"53":{"start":{"line":301,"column":48},"end":{"line":301,"column":86}},"54":{"start":{"line":323,"column":18},"end":{"line":333,"column":null}},"55":{"start":{"line":328,"column":22},"end":{"line":328,"column":67}},"56":{"start":{"line":376,"column":18},"end":{"line":389,"column":null}},"57":{"start":{"line":380,"column":35},"end":{"line":380,"column":49}},"58":{"start":{"line":396,"column":33},"end":{"line":396,"column":53}}},"fnMap":{"0":{"name":"(anonymous_0)","decl":{"start":{"line":35,"column":6},"end":{"line":35,"column":33}},"loc":{"start":{"line":35,"column":33},"end":{"line":406,"column":null}},"line":35},"1":{"name":"(anonymous_1)","decl":{"start":{"line":48,"column":17},"end":{"line":48,"column":29}},"loc":{"start":{"line":48,"column":29},"end":{"line":56,"column":10}},"line":48},"2":{"name":"(anonymous_2)","decl":{"start":{"line":59,"column":17},"end":{"line":59,"column":29}},"loc":{"start":{"line":59,"column":29},"end":{"line":67,"column":10}},"line":59},"3":{"name":"(anonymous_3)","decl":{"start":{"line":69,"column":8},"end":{"line":69,"column":28}},"loc":{"start":{"line":69,"column":53},"end":{"line":77,"column":null}},"line":69},"4":{"name":"(anonymous_4)","decl":{"start":{"line":81,"column":25},"end":{"line":81,"column":32}},"loc":{"start":{"line":81,"column":57},"end":{"line":107,"column":null}},"line":81},"5":{"name":"(anonymous_5)","decl":{"start":{"line":113,"column":8},"end":{"line":113,"column":23}},"loc":{"start":{"line":114,"column":4},"end":{"line":131,"column":null}},"line":114},"6":{"name":"(anonymous_6)","decl":{"start":{"line":117,"column":6},"end":{"line":117,"column":21}},"loc":{"start":{"line":117,"column":21},"end":{"line":119,"column":null}},"line":117},"7":{"name":"(anonymous_7)","decl":{"start":{"line":155,"column":52},"end":{"line":155,"column":58}},"loc":{"start":{"line":155,"column":64},"end":{"line":155,"column":102}},"line":155},"8":{"name":"(anonymous_8)","decl":{"start":{"line":156,"column":18},"end":{"line":156,"column":34}},"loc":{"start":{"line":156,"column":34},"end":{"line":156,"column":59}},"line":156},"9":{"name":"(anonymous_9)","decl":{"start":{"line":195,"column":25},"end":{"line":195,"column":30}},"loc":{"start":{"line":196,"column":18},"end":{"line":242,"column":null}},"line":196},"10":{"name":"(anonymous_10)","decl":{"start":{"line":203,"column":20},"end":{"line":203,"column":null}},"loc":{"start":{"line":204,"column":22},"end":{"line":204,"column":67}},"line":204},"11":{"name":"(anonymous_11)","decl":{"start":{"line":257,"column":29},"end":{"line":257,"column":34}},"loc":{"start":{"line":258,"column":18},"end":{"line":281,"column":null}},"line":258},"12":{"name":"(anonymous_12)","decl":{"start":{"line":270,"column":34},"end":{"line":270,"column":40}},"loc":{"start":{"line":270,"column":46},"end":{"line":270,"column":78}},"line":270},"13":{"name":"(anonymous_13)","decl":{"start":{"line":292,"column":8},"end":{"line":292,"column":23}},"loc":{"start":{"line":292,"column":23},"end":{"line":292,"column":43}},"line":292},"14":{"name":"(anonymous_14)","decl":{"start":{"line":301,"column":36},"end":{"line":301,"column":42}},"loc":{"start":{"line":301,"column":48},"end":{"line":301,"column":86}},"line":301},"15":{"name":"(anonymous_15)","decl":{"start":{"line":322,"column":25},"end":{"line":322,"column":30}},"loc":{"start":{"line":323,"column":18},"end":{"line":333,"column":null}},"line":323},"16":{"name":"(anonymous_16)","decl":{"start":{"line":327,"column":20},"end":{"line":327,"column":null}},"loc":{"start":{"line":328,"column":22},"end":{"line":328,"column":67}},"line":328},"17":{"name":"(anonymous_17)","decl":{"start":{"line":375,"column":27},"end":{"line":375,"column":32}},"loc":{"start":{"line":376,"column":18},"end":{"line":389,"column":null}},"line":376},"18":{"name":"(anonymous_18)","decl":{"start":{"line":380,"column":20},"end":{"line":380,"column":35}},"loc":{"start":{"line":380,"column":35},"end":{"line":380,"column":49}},"line":380},"19":{"name":"(anonymous_19)","decl":{"start":{"line":396,"column":18},"end":{"line":396,"column":33}},"loc":{"start":{"line":396,"column":33},"end":{"line":396,"column":53}},"line":396}},"branchMap":{"0":{"loc":{"start":{"line":47,"column":8},"end":{"line":56,"column":12}},"type":"binary-expr","locations":[{"start":{"line":47,"column":8},"end":{"line":56,"column":10}},{"start":{"line":56,"column":10},"end":{"line":56,"column":12}}],"line":47},"1":{"loc":{"start":{"line":58,"column":8},"end":{"line":67,"column":12}},"type":"binary-expr","locations":[{"start":{"line":58,"column":8},"end":{"line":67,"column":10}},{"start":{"line":67,"column":10},"end":{"line":67,"column":12}}],"line":58},"2":{"loc":{"start":{"line":73,"column":4},"end":{"line":77,"column":null}},"type":"if","locations":[{"start":{"line":73,"column":4},"end":{"line":77,"column":null}},{"start":{"line":75,"column":11},"end":{"line":77,"column":null}}],"line":73},"3":{"loc":{"start":{"line":82,"column":23},"end":{"line":82,"column":null}},"type":"binary-expr","locations":[{"start":{"line":82,"column":23},"end":{"line":82,"column":38}},{"start":{"line":82,"column":38},"end":{"line":82,"column":null}}],"line":82},"4":{"loc":{"start":{"line":83,"column":4},"end":{"line":83,"column":null}},"type":"if","locations":[{"start":{"line":83,"column":4},"end":{"line":83,"column":null}},{"start":{},"end":{}}],"line":83},"5":{"loc":{"start":{"line":83,"column":8},"end":{"line":83,"column":42}},"type":"binary-expr","locations":[{"start":{"line":83,"column":8},"end":{"line":83,"column":29}},{"start":{"line":83,"column":29},"end":{"line":83,"column":42}}],"line":83},"6":{"loc":{"start":{"line":86,"column":6},"end":{"line":87,"column":null}},"type":"binary-expr","locations":[{"start":{"line":86,"column":6},"end":{"line":86,"column":63}},{"start":{"line":87,"column":6},"end":{"line":87,"column":null}}],"line":86},"7":{"loc":{"start":{"line":93,"column":14},"end":{"line":93,"column":null}},"type":"cond-expr","locations":[{"start":{"line":93,"column":38},"end":{"line":93,"column":47}},{"start":{"line":93,"column":47},"end":{"line":93,"column":null}}],"line":93},"8":{"loc":{"start":{"line":94,"column":17},"end":{"line":94,"column":null}},"type":"binary-expr","locations":[{"start":{"line":94,"column":17},"end":{"line":94,"column":30}},{"start":{"line":94,"column":30},"end":{"line":94,"column":null}}],"line":94},"9":{"loc":{"start":{"line":95,"column":17},"end":{"line":95,"column":null}},"type":"binary-expr","locations":[{"start":{"line":95,"column":17},"end":{"line":95,"column":30}},{"start":{"line":95,"column":30},"end":{"line":95,"column":null}}],"line":95},"10":{"loc":{"start":{"line":115,"column":15},"end":{"line":115,"column":null}},"type":"cond-expr","locations":[{"start":{"line":115,"column":35},"end":{"line":115,"column":49}},{"start":{"line":115,"column":49},"end":{"line":115,"column":null}}],"line":115},"11":{"loc":{"start":{"line":119,"column":8},"end":{"line":119,"column":null}},"type":"if","locations":[{"start":{"line":119,"column":8},"end":{"line":119,"column":null}},{"start":{},"end":{}}],"line":119},"12":{"loc":{"start":{"line":126,"column":25},"end":{"line":126,"column":null}},"type":"cond-expr","locations":[{"start":{"line":126,"column":45},"end":{"line":126,"column":57}},{"start":{"line":126,"column":57},"end":{"line":126,"column":null}}],"line":126},"13":{"loc":{"start":{"line":127,"column":15},"end":{"line":127,"column":null}},"type":"cond-expr","locations":[{"start":{"line":127,"column":35},"end":{"line":127,"column":47}},{"start":{"line":127,"column":47},"end":{"line":127,"column":null}}],"line":127},"14":{"loc":{"start":{"line":153,"column":15},"end":{"line":158,"column":null}},"type":"binary-expr","locations":[{"start":{"line":153,"column":15},"end":{"line":153,"column":null}},{"start":{"line":154,"column":16},"end":{"line":158,"column":null}}],"line":153},"15":{"loc":{"start":{"line":155,"column":43},"end":{"line":155,"column":null}},"type":"binary-expr","locations":[{"start":{"line":155,"column":43},"end":{"line":155,"column":112}},{"start":{"line":155,"column":112},"end":{"line":155,"column":null}}],"line":155},"16":{"loc":{"start":{"line":199,"column":22},"end":{"line":201,"column":null}},"type":"cond-expr","locations":[{"start":{"line":200,"column":26},"end":{"line":200,"column":null}},{"start":{"line":201,"column":26},"end":{"line":201,"column":null}}],"line":199},"17":{"loc":{"start":{"line":204,"column":42},"end":{"line":204,"column":67}},"type":"binary-expr","locations":[{"start":{"line":204,"column":42},"end":{"line":204,"column":58}},{"start":{"line":204,"column":62},"end":{"line":204,"column":67}}],"line":204},"18":{"loc":{"start":{"line":212,"column":24},"end":{"line":214,"column":null}},"type":"cond-expr","locations":[{"start":{"line":213,"column":28},"end":{"line":213,"column":null}},{"start":{"line":214,"column":28},"end":{"line":214,"column":null}}],"line":212},"19":{"loc":{"start":{"line":216,"column":24},"end":{"line":218,"column":null}},"type":"cond-expr","locations":[{"start":{"line":217,"column":28},"end":{"line":217,"column":null}},{"start":{"line":218,"column":28},"end":{"line":218,"column":null}}],"line":216},"20":{"loc":{"start":{"line":228,"column":26},"end":{"line":230,"column":null}},"type":"cond-expr","locations":[{"start":{"line":229,"column":30},"end":{"line":229,"column":null}},{"start":{"line":230,"column":30},"end":{"line":230,"column":null}}],"line":228},"21":{"loc":{"start":{"line":232,"column":26},"end":{"line":234,"column":null}},"type":"cond-expr","locations":[{"start":{"line":233,"column":30},"end":{"line":233,"column":null}},{"start":{"line":234,"column":30},"end":{"line":234,"column":null}}],"line":232},"22":{"loc":{"start":{"line":270,"column":25},"end":{"line":271,"column":null}},"type":"binary-expr","locations":[{"start":{"line":270,"column":25},"end":{"line":271,"column":36}},{"start":{"line":271,"column":36},"end":{"line":271,"column":null}}],"line":270},"23":{"loc":{"start":{"line":300,"column":13},"end":{"line":302,"column":null}},"type":"cond-expr","locations":[{"start":{"line":301,"column":16},"end":{"line":301,"column":null}},{"start":{"line":302,"column":16},"end":{"line":302,"column":null}}],"line":300},"24":{"loc":{"start":{"line":301,"column":27},"end":{"line":301,"column":null}},"type":"binary-expr","locations":[{"start":{"line":301,"column":27},"end":{"line":301,"column":96}},{"start":{"line":301,"column":96},"end":{"line":301,"column":null}}],"line":301},"25":{"loc":{"start":{"line":306,"column":11},"end":{"line":335,"column":null}},"type":"binary-expr","locations":[{"start":{"line":306,"column":11},"end":{"line":306,"column":null}},{"start":{"line":307,"column":12},"end":{"line":335,"column":null}}],"line":306},"26":{"loc":{"start":{"line":328,"column":42},"end":{"line":328,"column":67}},"type":"binary-expr","locations":[{"start":{"line":328,"column":42},"end":{"line":328,"column":58}},{"start":{"line":328,"column":62},"end":{"line":328,"column":67}}],"line":328},"27":{"loc":{"start":{"line":365,"column":11},"end":{"line":391,"column":null}},"type":"binary-expr","locations":[{"start":{"line":365,"column":11},"end":{"line":365,"column":null}},{"start":{"line":366,"column":12},"end":{"line":391,"column":null}}],"line":365},"28":{"loc":{"start":{"line":379,"column":29},"end":{"line":379,"column":null}},"type":"cond-expr","locations":[{"start":{"line":379,"column":46},"end":{"line":379,"column":60}},{"start":{"line":379,"column":60},"end":{"line":379,"column":null}}],"line":379},"29":{"loc":{"start":{"line":384,"column":24},"end":{"line":384,"column":null}},"type":"cond-expr","locations":[{"start":{"line":384,"column":41},"end":{"line":384,"column":53}},{"start":{"line":384,"column":53},"end":{"line":384,"column":null}}],"line":384},"30":{"loc":{"start":{"line":385,"column":29},"end":{"line":385,"column":null}},"type":"cond-expr","locations":[{"start":{"line":385,"column":46},"end":{"line":385,"column":58}},{"start":{"line":385,"column":58},"end":{"line":385,"column":null}}],"line":385},"31":{"loc":{"start":{"line":402,"column":22},"end":{"line":402,"column":null}},"type":"binary-expr","locations":[{"start":{"line":402,"column":22},"end":{"line":402,"column":43}},{"start":{"line":402,"column":43},"end":{"line":402,"column":null}}],"line":402}},"s":{"0":2,"1":13,"2":13,"3":13,"4":13,"5":13,"6":13,"7":13,"8":13,"9":13,"10":13,"11":1,"12":1,"13":1,"14":0,"15":0,"16":13,"17":1,"18":1,"19":1,"20":0,"21":0,"22":13,"23":2,"24":2,"25":2,"26":2,"27":0,"28":13,"29":2,"30":2,"31":0,"32":2,"33":2,"34":2,"35":2,"36":2,"37":0,"38":2,"39":2,"40":13,"41":42,"42":2,"43":2,"44":1,"45":13,"46":9,"47":0,"48":12,"49":2,"50":12,"51":12,"52":0,"53":9,"54":3,"55":0,"56":6,"57":1,"58":0},"f":{"0":13,"1":1,"2":1,"3":2,"4":2,"5":42,"6":2,"7":9,"8":0,"9":12,"10":2,"11":12,"12":12,"13":0,"14":9,"15":3,"16":0,"17":6,"18":1,"19":0},"b":{"0":[13,0],"1":[13,0],"2":[2,0],"3":[2,0],"4":[0,2],"5":[2,2],"6":[2,2],"7":[0,2],"8":[2,0],"9":[2,0],"10":[3,39],"11":[1,1],"12":[3,39],"13":[3,39],"14":[13,9],"15":[9,0],"16":[9,3],"17":[2,0],"18":[9,3],"19":[9,3],"20":[9,3],"21":[9,3],"22":[12,0],"23":[9,4],"24":[9,0],"25":[13,4],"26":[0,0],"27":[13,2],"28":[2,4],"29":[2,4],"30":[2,4],"31":[13,9]},"meta":{"lastBranch":32,"lastFunction":20,"lastStatement":59,"seen":{"s:35:6:406:Infinity":0,"f:35:6:35:33":0,"s:36:8:36:26":1,"s:37:8:37:62":2,"s:38:8:38:69":3,"s:40:20:40:65":4,"s:41:20:41:65":5,"s:42:21:42:53":6,"s:43:27:43:79":7,"s:44:19:44:63":8,"s:45:17:45:49":9,"s:47:8:56:12":10,"b:47:8:56:10:56:10:56:12":0,"f:48:17:48:29":1,"s:49:6:54:Infinity":11,"s:50:8:50:Infinity":12,"s:51:8:51:Infinity":13,"s:53:8:53:Infinity":14,"s:54:8:54:Infinity":15,"s:58:8:67:12":16,"b:58:8:67:10:67:10:67:12":1,"f:59:17:59:29":2,"s:60:6:65:Infinity":17,"s:61:8:61:Infinity":18,"s:62:8:62:Infinity":19,"s:64:8:64:Infinity":20,"s:65:8:65:Infinity":21,"s:69:8:77:Infinity":22,"f:69:8:69:28":3,"s:70:4:70:Infinity":23,"s:71:4:71:Infinity":24,"b:73:4:77:Infinity:75:11:77:Infinity":2,"s:73:4:77:Infinity":25,"s:74:6:74:Infinity":26,"s:77:6:77:Infinity":27,"s:81:25:107:Infinity":28,"f:81:25:81:32":4,"s:82:23:82:Infinity":29,"b:82:23:82:38:82:38:82:Infinity":3,"b:83:4:83:Infinity:undefined:undefined:undefined:undefined":4,"s:83:4:83:Infinity":30,"b:83:8:83:29:83:29:83:42":5,"s:83:42:83:Infinity":31,"s:86:6:87:Infinity":32,"b:86:6:86:63:87:6:87:Infinity":6,"s:89:31:98:Infinity":33,"b:93:38:93:47:93:47:93:Infinity":7,"b:94:17:94:30:94:30:94:Infinity":8,"b:95:17:95:30:95:30:95:Infinity":9,"s:100:4:104:Infinity":34,"s:101:6:101:Infinity":35,"s:102:6:102:Infinity":36,"s:104:6:104:Infinity":37,"s:106:4:106:Infinity":38,"s:107:4:107:Infinity":39,"s:113:8:131:Infinity":40,"f:113:8:113:23":5,"s:114:4:131:Infinity":41,"b:115:35:115:49:115:49:115:Infinity":10,"f:117:6:117:21":6,"s:118:8:118:Infinity":42,"b:119:8:119:Infinity:undefined:undefined:undefined:undefined":11,"s:119:8:119:Infinity":43,"s:119:29:119:Infinity":44,"b:126:45:126:57:126:57:126:Infinity":12,"b:127:35:127:47:127:47:127:Infinity":13,"s:135:2:406:Infinity":45,"b:153:15:153:Infinity:154:16:158:Infinity":14,"b:155:43:155:112:155:112:155:Infinity":15,"f:155:52:155:58":7,"s:155:64:155:102":46,"f:156:18:156:34":8,"s:156:34:156:59":47,"f:195:25:195:30":9,"s:196:18:242:Infinity":48,"b:200:26:200:Infinity:201:26:201:Infinity":16,"f:203:20:203:Infinity":10,"s:204:22:204:67":49,"b:204:42:204:58:204:62:204:67":17,"b:213:28:213:Infinity:214:28:214:Infinity":18,"b:217:28:217:Infinity:218:28:218:Infinity":19,"b:229:30:229:Infinity:230:30:230:Infinity":20,"b:233:30:233:Infinity:234:30:234:Infinity":21,"f:257:29:257:34":11,"s:258:18:281:Infinity":50,"b:270:25:271:36:271:36:271:Infinity":22,"f:270:34:270:40":12,"s:270:46:270:78":51,"f:292:8:292:23":13,"s:292:23:292:43":52,"b:301:16:301:Infinity:302:16:302:Infinity":23,"b:301:27:301:96:301:96:301:Infinity":24,"f:301:36:301:42":14,"s:301:48:301:86":53,"b:306:11:306:Infinity:307:12:335:Infinity":25,"f:322:25:322:30":15,"s:323:18:333:Infinity":54,"f:327:20:327:Infinity":16,"s:328:22:328:67":55,"b:328:42:328:58:328:62:328:67":26,"b:365:11:365:Infinity:366:12:391:Infinity":27,"f:375:27:375:32":17,"s:376:18:389:Infinity":56,"b:379:46:379:60:379:60:379:Infinity":28,"f:380:20:380:35":18,"s:380:35:380:49":57,"b:384:41:384:53:384:53:384:Infinity":29,"b:385:46:385:58:385:58:385:Infinity":30,"f:396:18:396:33":19,"s:396:33:396:53":58,"b:402:22:402:43:402:43:402:Infinity":31}}}
,"/app/frontend/src/pages/Games.tsx": {"path":"/app/frontend/src/pages/Games.tsx","statementMap":{"0":{"start":{"line":27,"column":6},"end":{"line":222,"column":null}},"1":{"start":{"line":28,"column":8},"end":{"line":28,"column":32}},"2":{"start":{"line":29,"column":27},"end":{"line":29,"column":70}},"3":{"start":{"line":30,"column":25},"end":{"line":30,"column":66}},"4":{"start":{"line":31,"column":15},"end":{"line":31,"column":41}},"5":{"start":{"line":32,"column":19},"end":{"line":32,"column":46}},"6":{"start":{"line":33,"column":15},"end":{"line":33,"column":38}},"7":{"start":{"line":34,"column":19},"end":{"line":34,"column":46}},"8":{"start":{"line":36,"column":8},"end":{"line":45,"column":12}},"9":{"start":{"line":38,"column":6},"end":{"line":43,"column":null}},"10":{"start":{"line":39,"column":8},"end":{"line":39,"column":null}},"11":{"start":{"line":40,"column":8},"end":{"line":40,"column":null}},"12":{"start":{"line":42,"column":8},"end":{"line":42,"column":null}},"13":{"start":{"line":43,"column":8},"end":{"line":43,"column":null}},"14":{"start":{"line":47,"column":8},"end":{"line":60,"column":32}},"15":{"start":{"line":49,"column":6},"end":{"line":58,"column":null}},"16":{"start":{"line":50,"column":8},"end":{"line":50,"column":null}},"17":{"start":{"line":51,"column":8},"end":{"line":51,"column":null}},"18":{"start":{"line":51,"column":31},"end":{"line":51,"column":null}},"19":{"start":{"line":52,"column":8},"end":{"line":55,"column":null}},"20":{"start":{"line":57,"column":8},"end":{"line":57,"column":null}},"21":{"start":{"line":58,"column":8},"end":{"line":58,"column":null}},"22":{"start":{"line":62,"column":8},"end":{"line":72,"column":30}},"23":{"start":{"line":64,"column":6},"end":{"line":70,"column":null}},"24":{"start":{"line":65,"column":8},"end":{"line":65,"column":null}},"25":{"start":{"line":66,"column":8},"end":{"line":66,"column":null}},"26":{"start":{"line":66,"column":29},"end":{"line":66,"column":null}},"27":{"start":{"line":67,"column":8},"end":{"line":67,"column":null}},"28":{"start":{"line":69,"column":8},"end":{"line":69,"column":null}},"29":{"start":{"line":70,"column":8},"end":{"line":70,"column":null}},"30":{"start":{"line":74,"column":24},"end":{"line":91,"column":null}},"31":{"start":{"line":75,"column":4},"end":{"line":75,"column":null}},"32":{"start":{"line":75,"column":25},"end":{"line":75,"column":null}},"33":{"start":{"line":76,"column":26},"end":{"line":82,"column":null}},"34":{"start":{"line":83,"column":4},"end":{"line":91,"column":null}},"35":{"start":{"line":84,"column":6},"end":{"line":84,"column":null}},"36":{"start":{"line":85,"column":6},"end":{"line":85,"column":null}},"37":{"start":{"line":86,"column":6},"end":{"line":86,"column":null}},"38":{"start":{"line":87,"column":6},"end":{"line":87,"column":null}},"39":{"start":{"line":88,"column":6},"end":{"line":88,"column":null}},"40":{"start":{"line":89,"column":6},"end":{"line":89,"column":null}},"41":{"start":{"line":91,"column":6},"end":{"line":91,"column":null}},"42":{"start":{"line":95,"column":2},"end":{"line":222,"column":null}},"43":{"start":{"line":107,"column":14},"end":{"line":107,"column":null}},"44":{"start":{"line":108,"column":14},"end":{"line":108,"column":null}},"45":{"start":{"line":116,"column":14},"end":{"line":118,"column":null}},"46":{"start":{"line":127,"column":29},"end":{"line":127,"column":72}},"47":{"start":{"line":131,"column":14},"end":{"line":133,"column":null}},"48":{"start":{"line":146,"column":14},"end":{"line":165,"column":null}},"49":{"start":{"line":154,"column":22},"end":{"line":154,"column":79}},"50":{"start":{"line":176,"column":25},"end":{"line":176,"column":38}},"51":{"start":{"line":182,"column":41},"end":{"line":182,"column":55}},"52":{"start":{"line":193,"column":29},"end":{"line":193,"column":null}},"53":{"start":{"line":203,"column":29},"end":{"line":203,"column":null}},"54":{"start":{"line":212,"column":29},"end":{"line":212,"column":null}},"55":{"start":{"line":216,"column":33},"end":{"line":216,"column":47}}},"fnMap":{"0":{"name":"(anonymous_0)","decl":{"start":{"line":27,"column":6},"end":{"line":27,"column":30}},"loc":{"start":{"line":27,"column":30},"end":{"line":222,"column":null}},"line":27},"1":{"name":"(anonymous_1)","decl":{"start":{"line":37,"column":17},"end":{"line":37,"column":29}},"loc":{"start":{"line":37,"column":29},"end":{"line":45,"column":10}},"line":37},"2":{"name":"(anonymous_2)","decl":{"start":{"line":48,"column":17},"end":{"line":48,"column":29}},"loc":{"start":{"line":48,"column":29},"end":{"line":60,"column":8}},"line":48},"3":{"name":"(anonymous_3)","decl":{"start":{"line":63,"column":17},"end":{"line":63,"column":29}},"loc":{"start":{"line":63,"column":29},"end":{"line":72,"column":8}},"line":63},"4":{"name":"(anonymous_4)","decl":{"start":{"line":74,"column":24},"end":{"line":74,"column":36}},"loc":{"start":{"line":74,"column":36},"end":{"line":91,"column":null}},"line":74},"5":{"name":"(anonymous_5)","decl":{"start":{"line":106,"column":12},"end":{"line":106,"column":23}},"loc":{"start":{"line":106,"column":29},"end":{"line":108,"column":null}},"line":106},"6":{"name":"(anonymous_6)","decl":{"start":{"line":115,"column":21},"end":{"line":115,"column":26}},"loc":{"start":{"line":116,"column":14},"end":{"line":118,"column":null}},"line":116},"7":{"name":"(anonymous_7)","decl":{"start":{"line":127,"column":12},"end":{"line":127,"column":23}},"loc":{"start":{"line":127,"column":29},"end":{"line":127,"column":72}},"line":127},"8":{"name":"(anonymous_8)","decl":{"start":{"line":130,"column":19},"end":{"line":130,"column":24}},"loc":{"start":{"line":131,"column":14},"end":{"line":133,"column":null}},"line":131},"9":{"name":"(anonymous_9)","decl":{"start":{"line":145,"column":19},"end":{"line":145,"column":24}},"loc":{"start":{"line":146,"column":14},"end":{"line":165,"column":null}},"line":146},"10":{"name":"(anonymous_10)","decl":{"start":{"line":153,"column":20},"end":{"line":153,"column":null}},"loc":{"start":{"line":154,"column":22},"end":{"line":154,"column":79}},"line":154},"11":{"name":"(anonymous_11)","decl":{"start":{"line":176,"column":10},"end":{"line":176,"column":25}},"loc":{"start":{"line":176,"column":25},"end":{"line":176,"column":38}},"line":176},"12":{"name":"(anonymous_12)","decl":{"start":{"line":182,"column":26},"end":{"line":182,"column":41}},"loc":{"start":{"line":182,"column":41},"end":{"line":182,"column":55}},"line":182},"13":{"name":"(anonymous_13)","decl":{"start":{"line":193,"column":12},"end":{"line":193,"column":23}},"loc":{"start":{"line":193,"column":29},"end":{"line":193,"column":null}},"line":193},"14":{"name":"(anonymous_14)","decl":{"start":{"line":203,"column":12},"end":{"line":203,"column":23}},"loc":{"start":{"line":203,"column":29},"end":{"line":203,"column":null}},"line":203},"15":{"name":"(anonymous_15)","decl":{"start":{"line":212,"column":12},"end":{"line":212,"column":23}},"loc":{"start":{"line":212,"column":29},"end":{"line":212,"column":null}},"line":212},"16":{"name":"(anonymous_16)","decl":{"start":{"line":216,"column":18},"end":{"line":216,"column":33}},"loc":{"start":{"line":216,"column":33},"end":{"line":216,"column":47}},"line":216}},"branchMap":{"0":{"loc":{"start":{"line":36,"column":8},"end":{"line":45,"column":12}},"type":"binary-expr","locations":[{"start":{"line":36,"column":8},"end":{"line":45,"column":10}},{"start":{"line":45,"column":10},"end":{"line":45,"column":12}}],"line":36},"1":{"loc":{"start":{"line":47,"column":8},"end":{"line":60,"column":32}},"type":"binary-expr","locations":[{"start":{"line":47,"column":8},"end":{"line":60,"column":26}},{"start":{"line":60,"column":30},"end":{"line":60,"column":32}}],"line":47},"2":{"loc":{"start":{"line":51,"column":8},"end":{"line":51,"column":null}},"type":"if","locations":[{"start":{"line":51,"column":8},"end":{"line":51,"column":null}},{"start":{},"end":{}}],"line":51},"3":{"loc":{"start":{"line":62,"column":8},"end":{"line":72,"column":30}},"type":"binary-expr","locations":[{"start":{"line":62,"column":8},"end":{"line":72,"column":24}},{"start":{"line":72,"column":28},"end":{"line":72,"column":30}}],"line":62},"4":{"loc":{"start":{"line":66,"column":8},"end":{"line":66,"column":null}},"type":"if","locations":[{"start":{"line":66,"column":8},"end":{"line":66,"column":null}},{"start":{},"end":{}}],"line":66},"5":{"loc":{"start":{"line":75,"column":4},"end":{"line":75,"column":null}},"type":"if","locations":[{"start":{"line":75,"column":4},"end":{"line":75,"column":null}},{"start":{},"end":{}}],"line":75},"6":{"loc":{"start":{"line":139,"column":7},"end":{"line":168,"column":null}},"type":"binary-expr","locations":[{"start":{"line":139,"column":7},"end":{"line":139,"column":null}},{"start":{"line":140,"column":8},"end":{"line":168,"column":null}}],"line":139},"7":{"loc":{"start":{"line":142,"column":13},"end":{"line":145,"column":19}},"type":"binary-expr","locations":[{"start":{"line":142,"column":13},"end":{"line":142,"column":null}},{"start":{"line":143,"column":14},"end":{"line":145,"column":19}}],"line":142},"8":{"loc":{"start":{"line":171,"column":7},"end":{"line":179,"column":null}},"type":"binary-expr","locations":[{"start":{"line":171,"column":7},"end":{"line":171,"column":null}},{"start":{"line":172,"column":8},"end":{"line":179,"column":null}}],"line":171}},"s":{"0":2,"1":18,"2":18,"3":18,"4":18,"5":18,"6":18,"7":18,"8":18,"9":2,"10":2,"11":1,"12":1,"13":1,"14":18,"15":2,"16":2,"17":1,"18":1,"19":0,"20":1,"21":1,"22":18,"23":2,"24":2,"25":1,"26":1,"27":0,"28":1,"29":1,"30":18,"31":2,"32":0,"33":2,"34":2,"35":2,"36":1,"37":1,"38":1,"39":1,"40":1,"41":1,"42":18,"43":1,"44":1,"45":16,"46":4,"47":16,"48":1,"49":1,"50":2,"51":0,"52":1,"53":1,"54":1,"55":0},"f":{"0":18,"1":2,"2":2,"3":2,"4":2,"5":1,"6":16,"7":4,"8":16,"9":1,"10":1,"11":2,"12":0,"13":1,"14":1,"15":1,"16":0},"b":{"0":[18,0],"1":[18,0],"2":[1,0],"3":[18,0],"4":[1,0],"5":[0,2],"6":[18,10],"7":[10,9],"8":[18,10]},"meta":{"lastBranch":9,"lastFunction":17,"lastStatement":56,"seen":{"s:27:6:222:Infinity":0,"f:27:6:27:30":0,"s:28:8:28:32":1,"s:29:27:29:70":2,"s:30:25:30:66":3,"s:31:15:31:41":4,"s:32:19:32:46":5,"s:33:15:33:38":6,"s:34:19:34:46":7,"s:36:8:45:12":8,"b:36:8:45:10:45:10:45:12":0,"f:37:17:37:29":1,"s:38:6:43:Infinity":9,"s:39:8:39:Infinity":10,"s:40:8:40:Infinity":11,"s:42:8:42:Infinity":12,"s:43:8:43:Infinity":13,"s:47:8:60:32":14,"b:47:8:60:26:60:30:60:32":1,"f:48:17:48:29":2,"s:49:6:58:Infinity":15,"s:50:8:50:Infinity":16,"b:51:8:51:Infinity:undefined:undefined:undefined:undefined":2,"s:51:8:51:Infinity":17,"s:51:31:51:Infinity":18,"s:52:8:55:Infinity":19,"s:57:8:57:Infinity":20,"s:58:8:58:Infinity":21,"s:62:8:72:30":22,"b:62:8:72:24:72:28:72:30":3,"f:63:17:63:29":3,"s:64:6:70:Infinity":23,"s:65:8:65:Infinity":24,"b:66:8:66:Infinity:undefined:undefined:undefined:undefined":4,"s:66:8:66:Infinity":25,"s:66:29:66:Infinity":26,"s:67:8:67:Infinity":27,"s:69:8:69:Infinity":28,"s:70:8:70:Infinity":29,"s:74:24:91:Infinity":30,"f:74:24:74:36":4,"b:75:4:75:Infinity:undefined:undefined:undefined:undefined":5,"s:75:4:75:Infinity":31,"s:75:25:75:Infinity":32,"s:76:26:82:Infinity":33,"s:83:4:91:Infinity":34,"s:84:6:84:Infinity":35,"s:85:6:85:Infinity":36,"s:86:6:86:Infinity":37,"s:87:6:87:Infinity":38,"s:88:6:88:Infinity":39,"s:89:6:89:Infinity":40,"s:91:6:91:Infinity":41,"s:95:2:222:Infinity":42,"f:106:12:106:23":5,"s:107:14:107:Infinity":43,"s:108:14:108:Infinity":44,"f:115:21:115:26":6,"s:116:14:118:Infinity":45,"f:127:12:127:23":7,"s:127:29:127:72":46,"f:130:19:130:24":8,"s:131:14:133:Infinity":47,"b:139:7:139:Infinity:140:8:168:Infinity":6,"b:142:13:142:Infinity:143:14:145:19":7,"f:145:19:145:24":9,"s:146:14:165:Infinity":48,"f:153:20:153:Infinity":10,"s:154:22:154:79":49,"b:171:7:171:Infinity:172:8:179:Infinity":8,"f:176:10:176:25":11,"s:176:25:176:38":50,"f:182:26:182:41":12,"s:182:41:182:55":51,"f:193:12:193:23":13,"s:193:29:193:Infinity":52,"f:203:12:203:23":14,"s:203:29:203:Infinity":53,"f:212:12:212:23":15,"s:212:29:212:Infinity":54,"f:216:18:216:33":16,"s:216:33:216:47":55}}}
,"/app/frontend/src/pages/Login.tsx": {"path":"/app/frontend/src/pages/Login.tsx","statementMap":{"0":{"start":{"line":16,"column":6},"end":{"line":110,"column":null}},"1":{"start":{"line":17,"column":19},"end":{"line":17,"column":46}},"2":{"start":{"line":18,"column":19},"end":{"line":18,"column":46}},"3":{"start":{"line":19,"column":16},"end":{"line":19,"column":40}},"4":{"start":{"line":20,"column":8},"end":{"line":20,"column":32}},"5":{"start":{"line":21,"column":10},"end":{"line":21,"column":42}},"6":{"start":{"line":23,"column":8},"end":{"line":51,"column":null}},"7":{"start":{"line":24,"column":4},"end":{"line":24,"column":null}},"8":{"start":{"line":26,"column":17},"end":{"line":29,"column":6}},"9":{"start":{"line":31,"column":24},"end":{"line":34,"column":6}},"10":{"start":{"line":36,"column":4},"end":{"line":51,"column":null}},"11":{"start":{"line":38,"column":8},"end":{"line":38,"column":null}},"12":{"start":{"line":39,"column":8},"end":{"line":39,"column":null}},"13":{"start":{"line":40,"column":8},"end":{"line":40,"column":null}},"14":{"start":{"line":41,"column":8},"end":{"line":41,"column":null}},"15":{"start":{"line":44,"column":8},"end":{"line":44,"column":null}},"16":{"start":{"line":45,"column":8},"end":{"line":45,"column":null}},"17":{"start":{"line":48,"column":8},"end":{"line":48,"column":null}},"18":{"start":{"line":49,"column":8},"end":{"line":49,"column":null}},"19":{"start":{"line":54,"column":2},"end":{"line":110,"column":null}},"20":{"start":{"line":85,"column":31},"end":{"line":85,"column":null}},"21":{"start":{"line":97,"column":31},"end":{"line":97,"column":null}}},"fnMap":{"0":{"name":"(anonymous_0)","decl":{"start":{"line":16,"column":6},"end":{"line":16,"column":30}},"loc":{"start":{"line":16,"column":30},"end":{"line":110,"column":null}},"line":16},"1":{"name":"(anonymous_1)","decl":{"start":{"line":23,"column":8},"end":{"line":23,"column":20}},"loc":{"start":{"line":23,"column":47},"end":{"line":51,"column":null}},"line":23},"2":{"name":"(anonymous_2)","decl":{"start":{"line":37,"column":6},"end":{"line":37,"column":18}},"loc":{"start":{"line":37,"column":27},"end":{"line":41,"column":null}},"line":37},"3":{"name":"(anonymous_3)","decl":{"start":{"line":43,"column":6},"end":{"line":43,"column":18}},"loc":{"start":{"line":43,"column":26},"end":{"line":45,"column":null}},"line":43},"4":{"name":"(anonymous_4)","decl":{"start":{"line":47,"column":6},"end":{"line":47,"column":28}},"loc":{"start":{"line":47,"column":67},"end":{"line":49,"column":null}},"line":47},"5":{"name":"(anonymous_5)","decl":{"start":{"line":85,"column":14},"end":{"line":85,"column":25}},"loc":{"start":{"line":85,"column":31},"end":{"line":85,"column":null}},"line":85},"6":{"name":"(anonymous_6)","decl":{"start":{"line":97,"column":14},"end":{"line":97,"column":25}},"loc":{"start":{"line":97,"column":31},"end":{"line":97,"column":null}},"line":97}},"branchMap":{"0":{"loc":{"start":{"line":45,"column":17},"end":{"line":45,"column":51}},"type":"binary-expr","locations":[{"start":{"line":45,"column":17},"end":{"line":45,"column":32}},{"start":{"line":45,"column":32},"end":{"line":45,"column":51}}],"line":45},"1":{"loc":{"start":{"line":69,"column":11},"end":{"line":72,"column":null}},"type":"binary-expr","locations":[{"start":{"line":69,"column":11},"end":{"line":69,"column":null}},{"start":{"line":70,"column":12},"end":{"line":72,"column":null}}],"line":69}},"s":{"0":1,"1":17,"2":17,"3":17,"4":17,"5":17,"6":17,"7":3,"8":3,"9":3,"10":3,"11":1,"12":1,"13":1,"14":1,"15":1,"16":1,"17":1,"18":1,"19":17,"20":3,"21":3},"f":{"0":17,"1":3,"2":1,"3":1,"4":1,"5":3,"6":3},"b":{"0":[1,0],"1":[17,2]},"meta":{"lastBranch":2,"lastFunction":7,"lastStatement":22,"seen":{"s:16:6:110:Infinity":0,"f:16:6:16:30":0,"s:17:19:17:46":1,"s:18:19:18:46":2,"s:19:16:19:40":3,"s:20:8:20:32":4,"s:21:10:21:42":5,"s:23:8:51:Infinity":6,"f:23:8:23:20":1,"s:24:4:24:Infinity":7,"s:26:17:29:6":8,"s:31:24:34:6":9,"s:36:4:51:Infinity":10,"f:37:6:37:18":2,"s:38:8:38:Infinity":11,"s:39:8:39:Infinity":12,"s:40:8:40:Infinity":13,"s:41:8:41:Infinity":14,"f:43:6:43:18":3,"s:44:8:44:Infinity":15,"s:45:8:45:Infinity":16,"b:45:17:45:32:45:32:45:51":0,"f:47:6:47:28":4,"s:48:8:48:Infinity":17,"s:49:8:49:Infinity":18,"s:54:2:110:Infinity":19,"b:69:11:69:Infinity:70:12:72:Infinity":1,"f:85:14:85:25":5,"s:85:31:85:Infinity":20,"f:97:14:97:25":6,"s:97:31:97:Infinity":21}}}
,"/app/frontend/src/pages/Players.tsx": {"path":"/app/frontend/src/pages/Players.tsx","statementMap":{"0":{"start":{"line":21,"column":6},"end":{"line":114,"column":null}},"1":{"start":{"line":22,"column":15},"end":{"line":22,"column":41}},"2":{"start":{"line":23,"column":15},"end":{"line":23,"column":38}},"3":{"start":{"line":24,"column":24},"end":{"line":24,"column":56}},"4":{"start":{"line":26,"column":8},"end":{"line":35,"column":12}},"5":{"start":{"line":28,"column":6},"end":{"line":33,"column":null}},"6":{"start":{"line":29,"column":8},"end":{"line":29,"column":null}},"7":{"start":{"line":30,"column":8},"end":{"line":30,"column":null}},"8":{"start":{"line":32,"column":8},"end":{"line":32,"column":null}},"9":{"start":{"line":33,"column":8},"end":{"line":33,"column":null}},"10":{"start":{"line":37,"column":26},"end":{"line":50,"column":null}},"11":{"start":{"line":38,"column":30},"end":{"line":42,"column":null}},"12":{"start":{"line":43,"column":4},"end":{"line":50,"column":null}},"13":{"start":{"line":44,"column":6},"end":{"line":44,"column":null}},"14":{"start":{"line":45,"column":6},"end":{"line":45,"column":null}},"15":{"start":{"line":46,"column":6},"end":{"line":46,"column":null}},"16":{"start":{"line":47,"column":6},"end":{"line":47,"column":null}},"17":{"start":{"line":48,"column":6},"end":{"line":48,"column":null}},"18":{"start":{"line":50,"column":6},"end":{"line":50,"column":null}},"19":{"start":{"line":54,"column":2},"end":{"line":114,"column":null}},"20":{"start":{"line":65,"column":12},"end":{"line":70,"column":null}},"21":{"start":{"line":79,"column":23},"end":{"line":79,"column":36}},"22":{"start":{"line":84,"column":41},"end":{"line":84,"column":55}},"23":{"start":{"line":95,"column":29},"end":{"line":95,"column":null}},"24":{"start":{"line":104,"column":29},"end":{"line":104,"column":null}},"25":{"start":{"line":108,"column":33},"end":{"line":108,"column":47}}},"fnMap":{"0":{"name":"(anonymous_0)","decl":{"start":{"line":21,"column":6},"end":{"line":21,"column":32}},"loc":{"start":{"line":21,"column":32},"end":{"line":114,"column":null}},"line":21},"1":{"name":"(anonymous_1)","decl":{"start":{"line":27,"column":17},"end":{"line":27,"column":29}},"loc":{"start":{"line":27,"column":29},"end":{"line":35,"column":10}},"line":27},"2":{"name":"(anonymous_2)","decl":{"start":{"line":37,"column":26},"end":{"line":37,"column":38}},"loc":{"start":{"line":37,"column":38},"end":{"line":50,"column":null}},"line":37},"3":{"name":"(anonymous_3)","decl":{"start":{"line":64,"column":19},"end":{"line":64,"column":24}},"loc":{"start":{"line":65,"column":12},"end":{"line":70,"column":null}},"line":65},"4":{"name":"(anonymous_4)","decl":{"start":{"line":79,"column":8},"end":{"line":79,"column":23}},"loc":{"start":{"line":79,"column":23},"end":{"line":79,"column":36}},"line":79},"5":{"name":"(anonymous_5)","decl":{"start":{"line":84,"column":26},"end":{"line":84,"column":41}},"loc":{"start":{"line":84,"column":41},"end":{"line":84,"column":55}},"line":84},"6":{"name":"(anonymous_6)","decl":{"start":{"line":95,"column":12},"end":{"line":95,"column":23}},"loc":{"start":{"line":95,"column":29},"end":{"line":95,"column":null}},"line":95},"7":{"name":"(anonymous_7)","decl":{"start":{"line":104,"column":12},"end":{"line":104,"column":23}},"loc":{"start":{"line":104,"column":29},"end":{"line":104,"column":null}},"line":104},"8":{"name":"(anonymous_8)","decl":{"start":{"line":108,"column":18},"end":{"line":108,"column":33}},"loc":{"start":{"line":108,"column":33},"end":{"line":108,"column":47}},"line":108}},"branchMap":{"0":{"loc":{"start":{"line":26,"column":8},"end":{"line":35,"column":12}},"type":"binary-expr","locations":[{"start":{"line":26,"column":8},"end":{"line":35,"column":10}},{"start":{"line":35,"column":10},"end":{"line":35,"column":12}}],"line":26},"1":{"loc":{"start":{"line":61,"column":11},"end":{"line":64,"column":19}},"type":"binary-expr","locations":[{"start":{"line":61,"column":11},"end":{"line":61,"column":null}},{"start":{"line":62,"column":12},"end":{"line":64,"column":19}}],"line":61}},"s":{"0":1,"1":11,"2":11,"3":11,"4":11,"5":1,"6":1,"7":0,"8":1,"9":1,"10":11,"11":2,"12":2,"13":2,"14":1,"15":1,"16":1,"17":1,"18":1,"19":11,"20":1,"21":2,"22":0,"23":2,"24":1,"25":0},"f":{"0":11,"1":1,"2":2,"3":1,"4":2,"5":0,"6":2,"7":1,"8":0},"b":{"0":[11,0],"1":[11,10]},"meta":{"lastBranch":2,"lastFunction":9,"lastStatement":26,"seen":{"s:21:6:114:Infinity":0,"f:21:6:21:32":0,"s:22:15:22:41":1,"s:23:15:23:38":2,"s:24:24:24:56":3,"s:26:8:35:12":4,"b:26:8:35:10:35:10:35:12":0,"f:27:17:27:29":1,"s:28:6:33:Infinity":5,"s:29:8:29:Infinity":6,"s:30:8:30:Infinity":7,"s:32:8:32:Infinity":8,"s:33:8:33:Infinity":9,"s:37:26:50:Infinity":10,"f:37:26:37:38":2,"s:38:30:42:Infinity":11,"s:43:4:50:Infinity":12,"s:44:6:44:Infinity":13,"s:45:6:45:Infinity":14,"s:46:6:46:Infinity":15,"s:47:6:47:Infinity":16,"s:48:6:48:Infinity":17,"s:50:6:50:Infinity":18,"s:54:2:114:Infinity":19,"b:61:11:61:Infinity:62:12:64:19":1,"f:64:19:64:24":3,"s:65:12:70:Infinity":20,"f:79:8:79:23":4,"s:79:23:79:36":21,"f:84:26:84:41":5,"s:84:41:84:55":22,"f:95:12:95:23":6,"s:95:29:95:Infinity":23,"f:104:12:104:23":7,"s:104:29:104:Infinity":24,"f:108:18:108:33":8,"s:108:33:108:47":25}}}
,"/app/frontend/src/pages/Seasons.tsx": {"path":"/app/frontend/src/pages/Seasons.tsx","statementMap":{"0":{"start":{"line":21,"column":6},"end":{"line":128,"column":null}},"1":{"start":{"line":22,"column":15},"end":{"line":22,"column":41}},"2":{"start":{"line":23,"column":15},"end":{"line":23,"column":38}},"3":{"start":{"line":24,"column":20},"end":{"line":24,"column":48}},"4":{"start":{"line":25,"column":18},"end":{"line":25,"column":44}},"5":{"start":{"line":27,"column":8},"end":{"line":36,"column":12}},"6":{"start":{"line":29,"column":6},"end":{"line":34,"column":null}},"7":{"start":{"line":30,"column":8},"end":{"line":30,"column":null}},"8":{"start":{"line":31,"column":8},"end":{"line":31,"column":null}},"9":{"start":{"line":33,"column":8},"end":{"line":33,"column":null}},"10":{"start":{"line":34,"column":8},"end":{"line":34,"column":null}},"11":{"start":{"line":38,"column":26},"end":{"line":53,"column":null}},"12":{"start":{"line":39,"column":30},"end":{"line":44,"column":null}},"13":{"start":{"line":45,"column":4},"end":{"line":53,"column":null}},"14":{"start":{"line":46,"column":6},"end":{"line":46,"column":null}},"15":{"start":{"line":47,"column":6},"end":{"line":47,"column":null}},"16":{"start":{"line":48,"column":6},"end":{"line":48,"column":null}},"17":{"start":{"line":49,"column":6},"end":{"line":49,"column":null}},"18":{"start":{"line":50,"column":6},"end":{"line":50,"column":null}},"19":{"start":{"line":51,"column":6},"end":{"line":51,"column":null}},"20":{"start":{"line":53,"column":6},"end":{"line":53,"column":null}},"21":{"start":{"line":57,"column":2},"end":{"line":128,"column":null}},"22":{"start":{"line":68,"column":12},"end":{"line":73,"column":null}},"23":{"start":{"line":82,"column":23},"end":{"line":82,"column":36}},"24":{"start":{"line":87,"column":41},"end":{"line":87,"column":55}},"25":{"start":{"line":98,"column":29},"end":{"line":98,"column":null}},"26":{"start":{"line":108,"column":29},"end":{"line":108,"column":null}},"27":{"start":{"line":118,"column":29},"end":{"line":118,"column":null}},"28":{"start":{"line":122,"column":33},"end":{"line":122,"column":47}}},"fnMap":{"0":{"name":"(anonymous_0)","decl":{"start":{"line":21,"column":6},"end":{"line":21,"column":32}},"loc":{"start":{"line":21,"column":32},"end":{"line":128,"column":null}},"line":21},"1":{"name":"(anonymous_1)","decl":{"start":{"line":28,"column":17},"end":{"line":28,"column":29}},"loc":{"start":{"line":28,"column":29},"end":{"line":36,"column":10}},"line":28},"2":{"name":"(anonymous_2)","decl":{"start":{"line":38,"column":26},"end":{"line":38,"column":38}},"loc":{"start":{"line":38,"column":38},"end":{"line":53,"column":null}},"line":38},"3":{"name":"(anonymous_3)","decl":{"start":{"line":67,"column":19},"end":{"line":67,"column":24}},"loc":{"start":{"line":68,"column":12},"end":{"line":73,"column":null}},"line":68},"4":{"name":"(anonymous_4)","decl":{"start":{"line":82,"column":8},"end":{"line":82,"column":23}},"loc":{"start":{"line":82,"column":23},"end":{"line":82,"column":36}},"line":82},"5":{"name":"(anonymous_5)","decl":{"start":{"line":87,"column":26},"end":{"line":87,"column":41}},"loc":{"start":{"line":87,"column":41},"end":{"line":87,"column":55}},"line":87},"6":{"name":"(anonymous_6)","decl":{"start":{"line":98,"column":12},"end":{"line":98,"column":23}},"loc":{"start":{"line":98,"column":29},"end":{"line":98,"column":null}},"line":98},"7":{"name":"(anonymous_7)","decl":{"start":{"line":108,"column":12},"end":{"line":108,"column":23}},"loc":{"start":{"line":108,"column":29},"end":{"line":108,"column":null}},"line":108},"8":{"name":"(anonymous_8)","decl":{"start":{"line":118,"column":12},"end":{"line":118,"column":23}},"loc":{"start":{"line":118,"column":29},"end":{"line":118,"column":null}},"line":118},"9":{"name":"(anonymous_9)","decl":{"start":{"line":122,"column":18},"end":{"line":122,"column":33}},"loc":{"start":{"line":122,"column":33},"end":{"line":122,"column":47}},"line":122}},"branchMap":{"0":{"loc":{"start":{"line":27,"column":8},"end":{"line":36,"column":12}},"type":"binary-expr","locations":[{"start":{"line":27,"column":8},"end":{"line":36,"column":10}},{"start":{"line":36,"column":10},"end":{"line":36,"column":12}}],"line":27},"1":{"loc":{"start":{"line":64,"column":11},"end":{"line":67,"column":19}},"type":"binary-expr","locations":[{"start":{"line":64,"column":11},"end":{"line":64,"column":null}},{"start":{"line":65,"column":12},"end":{"line":67,"column":19}}],"line":64}},"s":{"0":1,"1":12,"2":12,"3":12,"4":12,"5":12,"6":1,"7":1,"8":0,"9":1,"10":1,"11":12,"12":2,"13":2,"14":2,"15":1,"16":1,"17":1,"18":1,"19":1,"20":1,"21":12,"22":1,"23":2,"24":0,"25":2,"26":1,"27":1,"28":0},"f":{"0":12,"1":1,"2":2,"3":1,"4":2,"5":0,"6":2,"7":1,"8":1,"9":0},"b":{"0":[12,0],"1":[12,11]},"meta":{"lastBranch":2,"lastFunction":10,"lastStatement":29,"seen":{"s:21:6:128:Infinity":0,"f:21:6:21:32":0,"s:22:15:22:41":1,"s:23:15:23:38":2,"s:24:20:24:48":3,"s:25:18:25:44":4,"s:27:8:36:12":5,"b:27:8:36:10:36:10:36:12":0,"f:28:17:28:29":1,"s:29:6:34:Infinity":6,"s:30:8:30:Infinity":7,"s:31:8:31:Infinity":8,"s:33:8:33:Infinity":9,"s:34:8:34:Infinity":10,"s:38:26:53:Infinity":11,"f:38:26:38:38":2,"s:39:30:44:Infinity":12,"s:45:4:53:Infinity":13,"s:46:6:46:Infinity":14,"s:47:6:47:Infinity":15,"s:48:6:48:Infinity":16,"s:49:6:49:Infinity":17,"s:50:6:50:Infinity":18,"s:51:6:51:Infinity":19,"s:53:6:53:Infinity":20,"s:57:2:128:Infinity":21,"b:64:11:64:Infinity:65:12:67:19":1,"f:67:19:67:24":3,"s:68:12:73:Infinity":22,"f:82:8:82:23":4,"s:82:23:82:36":23,"f:87:26:87:41":5,"s:87:41:87:55":24,"f:98:12:98:23":6,"s:98:29:98:Infinity":25,"f:108:12:108:23":7,"s:108:29:108:Infinity":26,"f:118:12:118:23":8,"s:118:29:118:Infinity":27,"f:122:18:122:33":9,"s:122:33:122:47":28}}}
,"/app/frontend/src/pages/Teams.tsx": {"path":"/app/frontend/src/pages/Teams.tsx","statementMap":{"0":{"start":{"line":37,"column":6},"end":{"line":296,"column":null}},"1":{"start":{"line":38,"column":27},"end":{"line":38,"column":70}},"2":{"start":{"line":39,"column":25},"end":{"line":39,"column":61}},"3":{"start":{"line":40,"column":27},"end":{"line":40,"column":65}},"4":{"start":{"line":41,"column":22},"end":{"line":41,"column":52}},"5":{"start":{"line":42,"column":23},"end":{"line":42,"column":71}},"6":{"start":{"line":44,"column":8},"end":{"line":53,"column":12}},"7":{"start":{"line":46,"column":6},"end":{"line":51,"column":null}},"8":{"start":{"line":47,"column":8},"end":{"line":47,"column":null}},"9":{"start":{"line":48,"column":8},"end":{"line":48,"column":null}},"10":{"start":{"line":50,"column":8},"end":{"line":50,"column":null}},"11":{"start":{"line":51,"column":8},"end":{"line":51,"column":null}},"12":{"start":{"line":55,"column":8},"end":{"line":68,"column":32}},"13":{"start":{"line":57,"column":6},"end":{"line":66,"column":null}},"14":{"start":{"line":58,"column":8},"end":{"line":58,"column":null}},"15":{"start":{"line":59,"column":8},"end":{"line":59,"column":null}},"16":{"start":{"line":59,"column":31},"end":{"line":59,"column":null}},"17":{"start":{"line":60,"column":8},"end":{"line":63,"column":null}},"18":{"start":{"line":65,"column":8},"end":{"line":65,"column":null}},"19":{"start":{"line":66,"column":8},"end":{"line":66,"column":null}},"20":{"start":{"line":70,"column":8},"end":{"line":79,"column":12}},"21":{"start":{"line":72,"column":6},"end":{"line":77,"column":null}},"22":{"start":{"line":73,"column":8},"end":{"line":73,"column":null}},"23":{"start":{"line":74,"column":8},"end":{"line":74,"column":null}},"24":{"start":{"line":76,"column":8},"end":{"line":76,"column":null}},"25":{"start":{"line":77,"column":8},"end":{"line":77,"column":null}},"26":{"start":{"line":81,"column":8},"end":{"line":90,"column":12}},"27":{"start":{"line":83,"column":6},"end":{"line":88,"column":null}},"28":{"start":{"line":84,"column":8},"end":{"line":84,"column":null}},"29":{"start":{"line":85,"column":8},"end":{"line":85,"column":null}},"30":{"start":{"line":87,"column":8},"end":{"line":87,"column":null}},"31":{"start":{"line":88,"column":8},"end":{"line":88,"column":null}},"32":{"start":{"line":92,"column":24},"end":{"line":105,"column":null}},"33":{"start":{"line":93,"column":4},"end":{"line":93,"column":null}},"34":{"start":{"line":93,"column":27},"end":{"line":93,"column":null}},"35":{"start":{"line":94,"column":26},"end":{"line":98,"column":null}},"36":{"start":{"line":99,"column":4},"end":{"line":105,"column":null}},"37":{"start":{"line":100,"column":6},"end":{"line":100,"column":null}},"38":{"start":{"line":101,"column":6},"end":{"line":101,"column":null}},"39":{"start":{"line":102,"column":6},"end":{"line":102,"column":null}},"40":{"start":{"line":103,"column":6},"end":{"line":103,"column":null}},"41":{"start":{"line":105,"column":6},"end":{"line":105,"column":null}},"42":{"start":{"line":109,"column":32},"end":{"line":126,"column":null}},"43":{"start":{"line":110,"column":4},"end":{"line":110,"column":null}},"44":{"start":{"line":110,"column":23},"end":{"line":110,"column":null}},"45":{"start":{"line":112,"column":19},"end":{"line":113,"column":null}},"46":{"start":{"line":113,"column":14},"end":{"line":113,"column":null}},"47":{"start":{"line":115,"column":4},"end":{"line":115,"column":null}},"48":{"start":{"line":115,"column":16},"end":{"line":115,"column":null}},"49":{"start":{"line":117,"column":38},"end":{"line":121,"column":null}},"50":{"start":{"line":122,"column":4},"end":{"line":126,"column":null}},"51":{"start":{"line":123,"column":6},"end":{"line":123,"column":null}},"52":{"start":{"line":124,"column":6},"end":{"line":124,"column":null}},"53":{"start":{"line":126,"column":6},"end":{"line":126,"column":null}},"54":{"start":{"line":130,"column":8},"end":{"line":134,"column":null}},"55":{"start":{"line":131,"column":22},"end":{"line":133,"column":31}},"56":{"start":{"line":132,"column":22},"end":{"line":132,"column":53}},"57":{"start":{"line":133,"column":19},"end":{"line":133,"column":31}},"58":{"start":{"line":134,"column":4},"end":{"line":134,"column":null}},"59":{"start":{"line":134,"column":33},"end":{"line":134,"column":75}},"60":{"start":{"line":137,"column":2},"end":{"line":296,"column":null}},"61":{"start":{"line":148,"column":29},"end":{"line":148,"column":74}},"62":{"start":{"line":152,"column":14},"end":{"line":154,"column":null}},"63":{"start":{"line":174,"column":29},"end":{"line":174,"column":52}},"64":{"start":{"line":185,"column":14},"end":{"line":221,"column":null}},"65":{"start":{"line":198,"column":22},"end":{"line":198,"column":null}},"66":{"start":{"line":199,"column":22},"end":{"line":199,"column":null}},"67":{"start":{"line":208,"column":20},"end":{"line":212,"column":null}},"68":{"start":{"line":228,"column":51},"end":{"line":228,"column":75}},"69":{"start":{"line":239,"column":29},"end":{"line":239,"column":null}},"70":{"start":{"line":243,"column":33},"end":{"line":243,"column":57}},"71":{"start":{"line":253,"column":23},"end":{"line":253,"column":49}},"72":{"start":{"line":264,"column":31},"end":{"line":267,"column":null}},"73":{"start":{"line":266,"column":18},"end":{"line":267,"column":55}},"74":{"start":{"line":269,"column":14},"end":{"line":287,"column":null}},"75":{"start":{"line":276,"column":24},"end":{"line":276,"column":74}},"76":{"start":{"line":293,"column":33},"end":{"line":293,"column":59}}},"fnMap":{"0":{"name":"(anonymous_0)","decl":{"start":{"line":37,"column":6},"end":{"line":37,"column":30}},"loc":{"start":{"line":37,"column":30},"end":{"line":296,"column":null}},"line":37},"1":{"name":"(anonymous_1)","decl":{"start":{"line":45,"column":17},"end":{"line":45,"column":29}},"loc":{"start":{"line":45,"column":29},"end":{"line":53,"column":10}},"line":45},"2":{"name":"(anonymous_2)","decl":{"start":{"line":56,"column":17},"end":{"line":56,"column":29}},"loc":{"start":{"line":56,"column":29},"end":{"line":68,"column":8}},"line":56},"3":{"name":"(anonymous_3)","decl":{"start":{"line":71,"column":17},"end":{"line":71,"column":29}},"loc":{"start":{"line":71,"column":29},"end":{"line":79,"column":10}},"line":71},"4":{"name":"(anonymous_4)","decl":{"start":{"line":82,"column":17},"end":{"line":82,"column":29}},"loc":{"start":{"line":82,"column":29},"end":{"line":90,"column":10}},"line":82},"5":{"name":"(anonymous_5)","decl":{"start":{"line":92,"column":24},"end":{"line":92,"column":36}},"loc":{"start":{"line":92,"column":36},"end":{"line":105,"column":null}},"line":92},"6":{"name":"(anonymous_6)","decl":{"start":{"line":109,"column":32},"end":{"line":109,"column":39}},"loc":{"start":{"line":109,"column":60},"end":{"line":126,"column":null}},"line":109},"7":{"name":"(anonymous_7)","decl":{"start":{"line":112,"column":31},"end":{"line":112,"column":null}},"loc":{"start":{"line":113,"column":14},"end":{"line":113,"column":null}},"line":113},"8":{"name":"(anonymous_8)","decl":{"start":{"line":130,"column":8},"end":{"line":130,"column":29}},"loc":{"start":{"line":130,"column":48},"end":{"line":134,"column":null}},"line":130},"9":{"name":"(anonymous_9)","decl":{"start":{"line":132,"column":7},"end":{"line":132,"column":15}},"loc":{"start":{"line":132,"column":22},"end":{"line":132,"column":53}},"line":132},"10":{"name":"(anonymous_10)","decl":{"start":{"line":133,"column":7},"end":{"line":133,"column":12}},"loc":{"start":{"line":133,"column":19},"end":{"line":133,"column":31}},"line":133},"11":{"name":"(anonymous_11)","decl":{"start":{"line":134,"column":19},"end":{"line":134,"column":27}},"loc":{"start":{"line":134,"column":33},"end":{"line":134,"column":75}},"line":134},"12":{"name":"(anonymous_12)","decl":{"start":{"line":148,"column":12},"end":{"line":148,"column":23}},"loc":{"start":{"line":148,"column":29},"end":{"line":148,"column":74}},"line":148},"13":{"name":"(anonymous_13)","decl":{"start":{"line":151,"column":21},"end":{"line":151,"column":26}},"loc":{"start":{"line":152,"column":14},"end":{"line":154,"column":null}},"line":152},"14":{"name":"(anonymous_14)","decl":{"start":{"line":174,"column":14},"end":{"line":174,"column":29}},"loc":{"start":{"line":174,"column":29},"end":{"line":174,"column":52}},"line":174},"15":{"name":"(anonymous_15)","decl":{"start":{"line":184,"column":19},"end":{"line":184,"column":24}},"loc":{"start":{"line":185,"column":14},"end":{"line":221,"column":null}},"line":185},"16":{"name":"(anonymous_16)","decl":{"start":{"line":197,"column":20},"end":{"line":197,"column":35}},"loc":{"start":{"line":197,"column":35},"end":{"line":199,"column":null}},"line":197},"17":{"name":"(anonymous_17)","decl":{"start":{"line":207,"column":64},"end":{"line":207,"column":69}},"loc":{"start":{"line":208,"column":20},"end":{"line":212,"column":null}},"line":208},"18":{"name":"(anonymous_18)","decl":{"start":{"line":228,"column":36},"end":{"line":228,"column":51}},"loc":{"start":{"line":228,"column":51},"end":{"line":228,"column":75}},"line":228},"19":{"name":"(anonymous_19)","decl":{"start":{"line":239,"column":12},"end":{"line":239,"column":23}},"loc":{"start":{"line":239,"column":29},"end":{"line":239,"column":null}},"line":239},"20":{"name":"(anonymous_20)","decl":{"start":{"line":243,"column":18},"end":{"line":243,"column":33}},"loc":{"start":{"line":243,"column":33},"end":{"line":243,"column":57}},"line":243},"21":{"name":"(anonymous_21)","decl":{"start":{"line":253,"column":8},"end":{"line":253,"column":23}},"loc":{"start":{"line":253,"column":23},"end":{"line":253,"column":49}},"line":253},"22":{"name":"(anonymous_22)","decl":{"start":{"line":263,"column":21},"end":{"line":263,"column":26}},"loc":{"start":{"line":263,"column":37},"end":{"line":289,"column":null}},"line":263},"23":{"name":"(anonymous_23)","decl":{"start":{"line":264,"column":43},"end":{"line":264,"column":null}},"loc":{"start":{"line":266,"column":18},"end":{"line":267,"column":55}},"line":266},"24":{"name":"(anonymous_24)","decl":{"start":{"line":275,"column":22},"end":{"line":275,"column":null}},"loc":{"start":{"line":276,"column":24},"end":{"line":276,"column":74}},"line":276},"25":{"name":"(anonymous_25)","decl":{"start":{"line":293,"column":18},"end":{"line":293,"column":33}},"loc":{"start":{"line":293,"column":33},"end":{"line":293,"column":59}},"line":293}},"branchMap":{"0":{"loc":{"start":{"line":44,"column":8},"end":{"line":53,"column":12}},"type":"binary-expr","locations":[{"start":{"line":44,"column":8},"end":{"line":53,"column":10}},{"start":{"line":53,"column":10},"end":{"line":53,"column":12}}],"line":44},"1":{"loc":{"start":{"line":55,"column":8},"end":{"line":68,"column":32}},"type":"binary-expr","locations":[{"start":{"line":55,"column":8},"end":{"line":68,"column":26}},{"start":{"line":68,"column":30},"end":{"line":68,"column":32}}],"line":55},"2":{"loc":{"start":{"line":59,"column":8},"end":{"line":59,"column":null}},"type":"if","locations":[{"start":{"line":59,"column":8},"end":{"line":59,"column":null}},{"start":{},"end":{}}],"line":59},"3":{"loc":{"start":{"line":70,"column":8},"end":{"line":79,"column":12}},"type":"binary-expr","locations":[{"start":{"line":70,"column":8},"end":{"line":79,"column":10}},{"start":{"line":79,"column":10},"end":{"line":79,"column":12}}],"line":70},"4":{"loc":{"start":{"line":81,"column":8},"end":{"line":90,"column":12}},"type":"binary-expr","locations":[{"start":{"line":81,"column":8},"end":{"line":90,"column":10}},{"start":{"line":90,"column":10},"end":{"line":90,"column":12}}],"line":81},"5":{"loc":{"start":{"line":93,"column":4},"end":{"line":93,"column":null}},"type":"if","locations":[{"start":{"line":93,"column":4},"end":{"line":93,"column":null}},{"start":{},"end":{}}],"line":93},"6":{"loc":{"start":{"line":110,"column":4},"end":{"line":110,"column":null}},"type":"if","locations":[{"start":{"line":110,"column":4},"end":{"line":110,"column":null}},{"start":{},"end":{}}],"line":110},"7":{"loc":{"start":{"line":113,"column":14},"end":{"line":113,"column":null}},"type":"binary-expr","locations":[{"start":{"line":113,"column":14},"end":{"line":113,"column":44}},{"start":{"line":113,"column":44},"end":{"line":113,"column":null}}],"line":113},"8":{"loc":{"start":{"line":115,"column":4},"end":{"line":115,"column":null}},"type":"if","locations":[{"start":{"line":115,"column":4},"end":{"line":115,"column":null}},{"start":{},"end":{}}],"line":115},"9":{"loc":{"start":{"line":134,"column":52},"end":{"line":134,"column":75}},"type":"binary-expr","locations":[{"start":{"line":134,"column":52},"end":{"line":134,"column":68}},{"start":{"line":134,"column":72},"end":{"line":134,"column":75}}],"line":134},"10":{"loc":{"start":{"line":160,"column":7},"end":{"line":224,"column":null}},"type":"binary-expr","locations":[{"start":{"line":160,"column":7},"end":{"line":160,"column":null}},{"start":{"line":161,"column":8},"end":{"line":224,"column":null}}],"line":160},"11":{"loc":{"start":{"line":181,"column":13},"end":{"line":184,"column":19}},"type":"binary-expr","locations":[{"start":{"line":181,"column":13},"end":{"line":181,"column":null}},{"start":{"line":182,"column":14},"end":{"line":184,"column":19}}],"line":181},"12":{"loc":{"start":{"line":198,"column":38},"end":{"line":198,"column":66}},"type":"binary-expr","locations":[{"start":{"line":198,"column":38},"end":{"line":198,"column":57}},{"start":{"line":198,"column":61},"end":{"line":198,"column":66}}],"line":198},"13":{"loc":{"start":{"line":207,"column":37},"end":{"line":207,"column":63}},"type":"binary-expr","locations":[{"start":{"line":207,"column":37},"end":{"line":207,"column":56}},{"start":{"line":207,"column":60},"end":{"line":207,"column":63}}],"line":207},"14":{"loc":{"start":{"line":214,"column":19},"end":{"line":218,"column":null}},"type":"binary-expr","locations":[{"start":{"line":214,"column":19},"end":{"line":215,"column":null}},{"start":{"line":216,"column":20},"end":{"line":218,"column":null}}],"line":214},"15":{"loc":{"start":{"line":214,"column":37},"end":{"line":214,"column":63}},"type":"binary-expr","locations":[{"start":{"line":214,"column":37},"end":{"line":214,"column":56}},{"start":{"line":214,"column":60},"end":{"line":214,"column":63}}],"line":214},"16":{"loc":{"start":{"line":266,"column":18},"end":{"line":267,"column":55}},"type":"binary-expr","locations":[{"start":{"line":266,"column":18},"end":{"line":266,"column":null}},{"start":{"line":267,"column":18},"end":{"line":267,"column":55}}],"line":266},"17":{"loc":{"start":{"line":276,"column":46},"end":{"line":276,"column":74}},"type":"binary-expr","locations":[{"start":{"line":276,"column":46},"end":{"line":276,"column":67}},{"start":{"line":276,"column":71},"end":{"line":276,"column":74}}],"line":276},"18":{"loc":{"start":{"line":279,"column":23},"end":{"line":279,"column":null}},"type":"cond-expr","locations":[{"start":{"line":279,"column":34},"end":{"line":279,"column":48}},{"start":{"line":279,"column":48},"end":{"line":279,"column":null}}],"line":279}},"s":{"0":1,"1":11,"2":11,"3":11,"4":11,"5":11,"6":11,"7":1,"8":1,"9":0,"10":1,"11":1,"12":11,"13":0,"14":0,"15":0,"16":0,"17":0,"18":0,"19":0,"20":11,"21":0,"22":0,"23":0,"24":0,"25":0,"26":11,"27":0,"28":0,"29":0,"30":0,"31":0,"32":11,"33":1,"34":0,"35":1,"36":1,"37":1,"38":1,"39":1,"40":1,"41":0,"42":11,"43":1,"44":0,"45":1,"46":0,"47":1,"48":0,"49":1,"50":1,"51":1,"52":1,"53":0,"54":11,"55":14,"56":10,"57":10,"58":14,"59":14,"60":11,"61":3,"62":10,"63":1,"64":7,"65":1,"66":1,"67":5,"68":0,"69":1,"70":0,"71":0,"72":10,"73":7,"74":10,"75":1,"76":0},"f":{"0":11,"1":1,"2":0,"3":0,"4":0,"5":1,"6":1,"7":0,"8":14,"9":10,"10":10,"11":14,"12":3,"13":10,"14":1,"15":7,"16":1,"17":5,"18":0,"19":1,"20":0,"21":0,"22":10,"23":7,"24":1,"25":0},"b":{"0":[11,0],"1":[11,0],"2":[0,0],"3":[11,0],"4":[11,0],"5":[0,1],"6":[0,1],"7":[0,0],"8":[0,1],"9":[14,0],"10":[11,7],"11":[7,0],"12":[1,0],"13":[7,0],"14":[7,2],"15":[7,0],"16":[7,0],"17":[1,0],"18":[0,10]},"meta":{"lastBranch":19,"lastFunction":26,"lastStatement":77,"seen":{"s:37:6:296:Infinity":0,"f:37:6:37:30":0,"s:38:27:38:70":1,"s:39:25:39:61":2,"s:40:27:40:65":3,"s:41:22:41:52":4,"s:42:23:42:71":5,"s:44:8:53:12":6,"b:44:8:53:10:53:10:53:12":0,"f:45:17:45:29":1,"s:46:6:51:Infinity":7,"s:47:8:47:Infinity":8,"s:48:8:48:Infinity":9,"s:50:8:50:Infinity":10,"s:51:8:51:Infinity":11,"s:55:8:68:32":12,"b:55:8:68:26:68:30:68:32":1,"f:56:17:56:29":2,"s:57:6:66:Infinity":13,"s:58:8:58:Infinity":14,"b:59:8:59:Infinity:undefined:undefined:undefined:undefined":2,"s:59:8:59:Infinity":15,"s:59:31:59:Infinity":16,"s:60:8:63:Infinity":17,"s:65:8:65:Infinity":18,"s:66:8:66:Infinity":19,"s:70:8:79:12":20,"b:70:8:79:10:79:10:79:12":3,"f:71:17:71:29":3,"s:72:6:77:Infinity":21,"s:73:8:73:Infinity":22,"s:74:8:74:Infinity":23,"s:76:8:76:Infinity":24,"s:77:8:77:Infinity":25,"s:81:8:90:12":26,"b:81:8:90:10:90:10:90:12":4,"f:82:17:82:29":4,"s:83:6:88:Infinity":27,"s:84:8:84:Infinity":28,"s:85:8:85:Infinity":29,"s:87:8:87:Infinity":30,"s:88:8:88:Infinity":31,"s:92:24:105:Infinity":32,"f:92:24:92:36":5,"b:93:4:93:Infinity:undefined:undefined:undefined:undefined":5,"s:93:4:93:Infinity":33,"s:93:27:93:Infinity":34,"s:94:26:98:Infinity":35,"s:99:4:105:Infinity":36,"s:100:6:100:Infinity":37,"s:101:6:101:Infinity":38,"s:102:6:102:Infinity":39,"s:103:6:103:Infinity":40,"s:105:6:105:Infinity":41,"s:109:32:126:Infinity":42,"f:109:32:109:39":6,"b:110:4:110:Infinity:undefined:undefined:undefined:undefined":6,"s:110:4:110:Infinity":43,"s:110:23:110:Infinity":44,"s:112:19:113:Infinity":45,"f:112:31:112:Infinity":7,"s:113:14:113:Infinity":46,"b:113:14:113:44:113:44:113:Infinity":7,"b:115:4:115:Infinity:undefined:undefined:undefined:undefined":8,"s:115:4:115:Infinity":47,"s:115:16:115:Infinity":48,"s:117:38:121:Infinity":49,"s:122:4:126:Infinity":50,"s:123:6:123:Infinity":51,"s:124:6:124:Infinity":52,"s:126:6:126:Infinity":53,"s:130:8:134:Infinity":54,"f:130:8:130:29":8,"s:131:22:133:31":55,"f:132:7:132:15":9,"s:132:22:132:53":56,"f:133:7:133:12":10,"s:133:19:133:31":57,"s:134:4:134:Infinity":58,"f:134:19:134:27":11,"s:134:33:134:75":59,"b:134:52:134:68:134:72:134:75":9,"s:137:2:296:Infinity":60,"f:148:12:148:23":12,"s:148:29:148:74":61,"f:151:21:151:26":13,"s:152:14:154:Infinity":62,"b:160:7:160:Infinity:161:8:224:Infinity":10,"f:174:14:174:29":14,"s:174:29:174:52":63,"b:181:13:181:Infinity:182:14:184:19":11,"f:184:19:184:24":15,"s:185:14:221:Infinity":64,"f:197:20:197:35":16,"s:198:22:198:Infinity":65,"b:198:38:198:57:198:61:198:66":12,"s:199:22:199:Infinity":66,"b:207:37:207:56:207:60:207:63":13,"f:207:64:207:69":17,"s:208:20:212:Infinity":67,"b:214:19:215:Infinity:216:20:218:Infinity":14,"b:214:37:214:56:214:60:214:63":15,"f:228:36:228:51":18,"s:228:51:228:75":68,"f:239:12:239:23":19,"s:239:29:239:Infinity":69,"f:243:18:243:33":20,"s:243:33:243:57":70,"f:253:8:253:23":21,"s:253:23:253:49":71,"f:263:21:263:26":22,"s:264:31:267:Infinity":72,"f:264:43:264:Infinity":23,"s:266:18:267:55":73,"b:266:18:266:Infinity:267:18:267:55":16,"s:269:14:287:Infinity":74,"f:275:22:275:Infinity":24,"s:276:24:276:74":75,"b:276:46:276:67:276:71:276:74":17,"b:279:34:279:48:279:48:279:Infinity":18,"f:293:18:293:33":25,"s:293:33:293:59":76}}}
}
