{"/app/backend/src/index.js": {"path":"/app/backend/src/index.js","statementMap":{"0":{"start":{"line":2,"column":0},"end":{"line":2,"column":62}},"1":{"start":{"line":3,"column":0},"end":{"line":3,"column":25}},"2":{"start":{"line":4,"column":26},"end":{"line":4,"column":61}},"3":{"start":{"line":5,"column":23},"end":{"line":5,"column":55}},"4":{"start":{"line":6,"column":15},"end":{"line":6,"column":30}},"5":{"start":{"line":7,"column":15},"end":{"line":7,"column":55}},"6":{"start":{"line":8,"column":18},"end":{"line":8,"column":68}},"7":{"start":{"line":9,"column":19},"end":{"line":9,"column":41}},"8":{"start":{"line":10,"column":16},"end":{"line":157,"column":1}},"9":{"start":{"line":11,"column":4},"end":{"line":11,"column":49}},"10":{"start":{"line":12,"column":47},"end":{"line":12,"column":52}},"11":{"start":{"line":13,"column":19},"end":{"line":13,"column":51}},"12":{"start":{"line":14,"column":17},"end":{"line":14,"column":47}},"13":{"start":{"line":15,"column":4},"end":{"line":156,"column":5}},"14":{"start":{"line":17,"column":8},"end":{"line":41,"column":9}},"15":{"start":{"line":18,"column":12},"end":{"line":26,"column":13}},"16":{"start":{"line":19,"column":31},"end":{"line":24,"column":19}},"17":{"start":{"line":25,"column":16},"end":{"line":25,"column":51}},"18":{"start":{"line":27,"column":12},"end":{"line":40,"column":13}},"19":{"start":{"line":28,"column":29},"end":{"line":28,"column":45}},"20":{"start":{"line":29,"column":27},"end":{"line":29,"column":43}},"21":{"start":{"line":30,"column":29},"end":{"line":37,"column":17}},"22":{"start":{"line":38,"column":16},"end":{"line":38,"column":107}},"23":{"start":{"line":39,"column":16},"end":{"line":39,"column":43}},"24":{"start":{"line":43,"column":8},"end":{"line":68,"column":9}},"25":{"start":{"line":44,"column":12},"end":{"line":53,"column":13}},"26":{"start":{"line":45,"column":33},"end":{"line":45,"column":70}},"27":{"start":{"line":46,"column":31},"end":{"line":51,"column":19}},"28":{"start":{"line":52,"column":16},"end":{"line":52,"column":51}},"29":{"start":{"line":54,"column":12},"end":{"line":67,"column":13}},"30":{"start":{"line":55,"column":29},"end":{"line":55,"column":45}},"31":{"start":{"line":56,"column":27},"end":{"line":56,"column":43}},"32":{"start":{"line":57,"column":29},"end":{"line":64,"column":17}},"33":{"start":{"line":65,"column":16},"end":{"line":65,"column":107}},"34":{"start":{"line":66,"column":16},"end":{"line":66,"column":43}},"35":{"start":{"line":70,"column":8},"end":{"line":94,"column":9}},"36":{"start":{"line":71,"column":12},"end":{"line":79,"column":13}},"37":{"start":{"line":72,"column":31},"end":{"line":77,"column":19}},"38":{"start":{"line":78,"column":16},"end":{"line":78,"column":51}},"39":{"start":{"line":80,"column":12},"end":{"line":93,"column":13}},"40":{"start":{"line":81,"column":29},"end":{"line":81,"column":45}},"41":{"start":{"line":82,"column":27},"end":{"line":82,"column":43}},"42":{"start":{"line":83,"column":29},"end":{"line":90,"column":17}},"43":{"start":{"line":91,"column":16},"end":{"line":91,"column":107}},"44":{"start":{"line":92,"column":16},"end":{"line":92,"column":43}},"45":{"start":{"line":96,"column":8},"end":{"line":121,"column":9}},"46":{"start":{"line":97,"column":12},"end":{"line":106,"column":13}},"47":{"start":{"line":98,"column":31},"end":{"line":98,"column":66}},"48":{"start":{"line":99,"column":31},"end":{"line":104,"column":19}},"49":{"start":{"line":105,"column":16},"end":{"line":105,"column":51}},"50":{"start":{"line":107,"column":12},"end":{"line":120,"column":13}},"51":{"start":{"line":108,"column":29},"end":{"line":108,"column":45}},"52":{"start":{"line":109,"column":27},"end":{"line":109,"column":43}},"53":{"start":{"line":110,"column":29},"end":{"line":117,"column":17}},"54":{"start":{"line":118,"column":16},"end":{"line":118,"column":107}},"55":{"start":{"line":119,"column":16},"end":{"line":119,"column":43}},"56":{"start":{"line":123,"column":8},"end":{"line":150,"column":9}},"57":{"start":{"line":124,"column":27},"end":{"line":124,"column":45}},"58":{"start":{"line":125,"column":12},"end":{"line":135,"column":13}},"59":{"start":{"line":126,"column":31},"end":{"line":133,"column":19}},"60":{"start":{"line":134,"column":16},"end":{"line":134,"column":51}},"61":{"start":{"line":136,"column":12},"end":{"line":149,"column":13}},"62":{"start":{"line":137,"column":29},"end":{"line":137,"column":45}},"63":{"start":{"line":138,"column":27},"end":{"line":138,"column":43}},"64":{"start":{"line":139,"column":34},"end":{"line":139,"column":58}},"65":{"start":{"line":140,"column":29},"end":{"line":146,"column":17}},"66":{"start":{"line":147,"column":16},"end":{"line":147,"column":107}},"67":{"start":{"line":148,"column":16},"end":{"line":148,"column":43}},"68":{"start":{"line":151,"column":8},"end":{"line":151,"column":61}},"69":{"start":{"line":154,"column":8},"end":{"line":154,"column":29}},"70":{"start":{"line":155,"column":8},"end":{"line":155,"column":57}},"71":{"start":{"line":158,"column":0},"end":{"line":158,"column":26}},"72":{"start":{"line":159,"column":17},"end":{"line":163,"column":2}},"73":{"start":{"line":159,"column":40},"end":{"line":163,"column":1}}},"fnMap":{"0":{"name":"(anonymous_0)","decl":{"start":{"line":10,"column":16},"end":{"line":10,"column":17}},"loc":{"start":{"line":10,"column":33},"end":{"line":157,"column":1}},"line":10},"1":{"name":"(anonymous_1)","decl":{"start":{"line":159,"column":17},"end":{"line":159,"column":18}},"loc":{"start":{"line":159,"column":40},"end":{"line":163,"column":1}},"line":159}},"branchMap":{"0":{"loc":{"start":{"line":17,"column":8},"end":{"line":41,"column":9}},"type":"if","locations":[{"start":{"line":17,"column":8},"end":{"line":41,"column":9}},{"start":{},"end":{}}],"line":17},"1":{"loc":{"start":{"line":18,"column":12},"end":{"line":26,"column":13}},"type":"if","locations":[{"start":{"line":18,"column":12},"end":{"line":26,"column":13}},{"start":{},"end":{}}],"line":18},"2":{"loc":{"start":{"line":27,"column":12},"end":{"line":40,"column":13}},"type":"if","locations":[{"start":{"line":27,"column":12},"end":{"line":40,"column":13}},{"start":{},"end":{}}],"line":27},"3":{"loc":{"start":{"line":43,"column":8},"end":{"line":68,"column":9}},"type":"if","locations":[{"start":{"line":43,"column":8},"end":{"line":68,"column":9}},{"start":{},"end":{}}],"line":43},"4":{"loc":{"start":{"line":44,"column":12},"end":{"line":53,"column":13}},"type":"if","locations":[{"start":{"line":44,"column":12},"end":{"line":53,"column":13}},{"start":{},"end":{}}],"line":44},"5":{"loc":{"start":{"line":54,"column":12},"end":{"line":67,"column":13}},"type":"if","locations":[{"start":{"line":54,"column":12},"end":{"line":67,"column":13}},{"start":{},"end":{}}],"line":54},"6":{"loc":{"start":{"line":70,"column":8},"end":{"line":94,"column":9}},"type":"if","locations":[{"start":{"line":70,"column":8},"end":{"line":94,"column":9}},{"start":{},"end":{}}],"line":70},"7":{"loc":{"start":{"line":71,"column":12},"end":{"line":79,"column":13}},"type":"if","locations":[{"start":{"line":71,"column":12},"end":{"line":79,"column":13}},{"start":{},"end":{}}],"line":71},"8":{"loc":{"start":{"line":80,"column":12},"end":{"line":93,"column":13}},"type":"if","locations":[{"start":{"line":80,"column":12},"end":{"line":93,"column":13}},{"start":{},"end":{}}],"line":80},"9":{"loc":{"start":{"line":96,"column":8},"end":{"line":121,"column":9}},"type":"if","locations":[{"start":{"line":96,"column":8},"end":{"line":121,"column":9}},{"start":{},"end":{}}],"line":96},"10":{"loc":{"start":{"line":97,"column":12},"end":{"line":106,"column":13}},"type":"if","locations":[{"start":{"line":97,"column":12},"end":{"line":106,"column":13}},{"start":{},"end":{}}],"line":97},"11":{"loc":{"start":{"line":107,"column":12},"end":{"line":120,"column":13}},"type":"if","locations":[{"start":{"line":107,"column":12},"end":{"line":120,"column":13}},{"start":{},"end":{}}],"line":107},"12":{"loc":{"start":{"line":123,"column":8},"end":{"line":150,"column":9}},"type":"if","locations":[{"start":{"line":123,"column":8},"end":{"line":150,"column":9}},{"start":{},"end":{}}],"line":123},"13":{"loc":{"start":{"line":123,"column":12},"end":{"line":123,"column":65}},"type":"binary-expr","locations":[{"start":{"line":123,"column":12},"end":{"line":123,"column":38}},{"start":{"line":123,"column":42},"end":{"line":123,"column":65}}],"line":123},"14":{"loc":{"start":{"line":125,"column":12},"end":{"line":135,"column":13}},"type":"if","locations":[{"start":{"line":125,"column":12},"end":{"line":135,"column":13}},{"start":{},"end":{}}],"line":125},"15":{"loc":{"start":{"line":136,"column":12},"end":{"line":149,"column":13}},"type":"if","locations":[{"start":{"line":136,"column":12},"end":{"line":149,"column":13}},{"start":{},"end":{}}],"line":136}},"s":{"0":1,"1":1,"2":1,"3":1,"4":1,"5":1,"6":1,"7":1,"8":1,"9":12,"10":12,"11":12,"12":12,"13":12,"14":12,"15":3,"16":2,"17":1,"18":1,"19":1,"20":1,"21":1,"22":1,"23":1,"24":9,"25":2,"26":1,"27":1,"28":1,"29":1,"30":1,"31":1,"32":1,"33":1,"34":1,"35":7,"36":2,"37":1,"38":1,"39":1,"40":1,"41":1,"42":1,"43":1,"44":1,"45":5,"46":2,"47":1,"48":1,"49":1,"50":1,"51":1,"52":1,"53":1,"54":1,"55":1,"56":3,"57":2,"58":2,"59":1,"60":1,"61":1,"62":1,"63":1,"64":1,"65":1,"66":1,"67":1,"68":1,"69":1,"70":1,"71":1,"72":1,"73":12},"f":{"0":12,"1":12},"b":{"0":[3,9],"1":[2,1],"2":[1,0],"3":[2,7],"4":[1,1],"5":[1,0],"6":[2,5],"7":[1,1],"8":[1,0],"9":[2,3],"10":[1,1],"11":[1,0],"12":[2,1],"13":[3,2],"14":[1,1],"15":[1,0]},"inputSourceMap":null,"_coverageSchema":"1a1c01bbd47fc00a2c39e90264f33305004495a9","hash":"b1734766ba6c9804f048b2bfbe0482df8ba1383d"}
}
