TN:
SF:src/index.js
FN:10,(anonymous_0)
FN:159,(anonymous_1)
FNF:2
FNH:2
FNDA:15,(anonymous_0)
FNDA:15,(anonymous_1)
DA:2,1
DA:3,1
DA:4,1
DA:5,1
DA:6,1
DA:7,1
DA:8,1
DA:9,1
DA:10,1
DA:11,15
DA:12,15
DA:13,15
DA:14,15
DA:15,15
DA:17,15
DA:18,4
DA:19,2
DA:25,1
DA:27,2
DA:28,2
DA:29,1
DA:30,1
DA:38,1
DA:39,1
DA:43,11
DA:44,4
DA:45,2
DA:46,2
DA:52,2
DA:54,2
DA:55,2
DA:56,2
DA:57,2
DA:65,1
DA:66,1
DA:70,7
DA:71,2
DA:72,1
DA:78,1
DA:80,1
DA:81,1
DA:82,1
DA:83,1
DA:91,1
DA:92,1
DA:96,5
DA:97,2
DA:98,1
DA:99,1
DA:105,1
DA:107,1
DA:108,1
DA:109,1
DA:110,1
DA:118,1
DA:119,1
DA:123,3
DA:124,2
DA:125,2
DA:126,1
DA:134,1
DA:136,1
DA:137,1
DA:138,1
DA:139,1
DA:140,1
DA:147,1
DA:148,1
DA:151,1
DA:154,3
DA:155,3
DA:158,1
DA:159,15
LF:73
LH:73
BRDA:17,0,0,4
BRDA:17,0,1,11
BRDA:18,1,0,2
BRDA:18,1,1,2
BRDA:27,2,0,2
BRDA:27,2,1,0
BRDA:43,3,0,4
BRDA:43,3,1,7
BRDA:44,4,0,2
BRDA:44,4,1,2
BRDA:54,5,0,2
BRDA:54,5,1,0
BRDA:70,6,0,2
BRDA:70,6,1,5
BRDA:71,7,0,1
BRDA:71,7,1,1
BRDA:80,8,0,1
BRDA:80,8,1,0
BRDA:96,9,0,2
BRDA:96,9,1,3
BRDA:97,10,0,1
BRDA:97,10,1,1
BRDA:107,11,0,1
BRDA:107,11,1,0
BRDA:123,12,0,2
BRDA:123,12,1,1
BRDA:123,13,0,3
BRDA:123,13,1,2
BRDA:125,14,0,1
BRDA:125,14,1,1
BRDA:136,15,0,1
BRDA:136,15,1,0
BRF:32
BRH:27
end_of_record
